2024-11-09T17:46:44.7172917Z ##[section]Starting: Deployment
2024-11-09T17:46:44.7412508Z ==============================================================================
2024-11-09T17:46:44.7412653Z Task         : PowerShell
2024-11-09T17:46:44.7412738Z Description  : Run a PowerShell script on Linux, macOS, or Windows
2024-11-09T17:46:44.7412845Z Version      : 2.247.1
2024-11-09T17:46:44.7412901Z Author       : Microsoft Corporation
2024-11-09T17:46:44.7412978Z Help         : https://docs.microsoft.com/azure/devops/pipelines/tasks/utility/powershell
2024-11-09T17:46:44.7413072Z ==============================================================================
2024-11-09T17:46:46.0206552Z Generating script.
2024-11-09T17:46:46.0783270Z Formatted command: . 'D:\KMBLAgentLatest02\vsts-agent-win-x64-2.166.4\_work\r790\a\_Scripts\Deploy.ps1'
2024-11-09T17:46:46.1225745Z ========================== Starting Command Output ===========================
2024-11-09T17:46:46.1480853Z ##[command]"C:\Windows\System32\WindowsPowerShell\v1.0\powershell.exe" -NoLogo -NoProfile -NonInteractive -ExecutionPolicy Unrestricted -Command ". 'D:\KMBLAgentLatest02\vsts-agent-win-x64-2.166.4\_work\_temp\fb8329be-97d0-4589-958d-eb1ed05e6f5b.ps1'"
2024-11-09T17:46:46.5440052Z dpatch
2024-11-09T17:46:46.5544830Z 
2024-11-09T17:46:46.5585959Z IsPublic IsSerial Name   BaseType     
2024-11-09T17:46:46.5589855Z -------- -------- ----   --------     
2024-11-09T17:46:46.5592284Z True     True     String System.Object
2024-11-09T17:46:46.5592379Z 
2024-11-09T17:46:46.5593666Z 
2024-11-09T17:46:48.4763864Z Message: dpatch
2024-11-09T17:46:48.4774552Z Message: <request><header><msg_code>RequestArcosService</msg_code><source>VSTS</source><channel>ALL</channel><txn_ref_number>VSTS_ALL_1731174408000</txn_ref_number><txn_datetime>1731174408000</txn_datetime><ip>10.10.35.158</ip><device_id></device_id></header><detail><service_type>AppToadOracle</service_type><server_ip>10.240.70.23</server_ip><username>DPATCH</username><lob_profile>PRIVILEGE_ORACLE</lob_profile><db_instance_name>istdb</db_instance_name><filler1></filler1><filler2></filler2><filler3></filler3><filler4></filler4><filler5></filler5></detail></request>
2024-11-09T17:46:48.4911455Z http://10.10.35.158:9080/arcos-service/RequestArcosService?format=xml&data=%3crequest%3e%3cheader%3e%3cmsg_code%3eRequestArcosService%3c%2fmsg_code%3e%3csource%3eVSTS%3c%2fsource%3e%3cchannel%3eALL%3c%2fchannel%3e%3ctxn_ref_number%3eVSTS_ALL_1731174408000%3c%2ftxn_ref_number%3e%3ctxn_datetime%3e1731174408000%3c%2ftxn_datetime%3e%3cip%3e10.10.35.158%3c%2fip%3e%3cdevice_id%3e%3c%2fdevice_id%3e%3c%2fheader%3e%3cdetail%3e%3cservice_type%3eAppToadOracle%3c%2fservice_type%3e%3cserver_ip%3e10.240.70.23%3c%2fserver_ip%3e%3cusername%3eDPATCH%3c%2fusername%3e%3clob_profile%3ePRIVILEGE_ORACLE%3c%2flob_profile%3e%3cdb_instance_name%3eistdb%3c%2fdb_instance_name%3e%3cfiller1%3e%3c%2ffiller1%3e%3cfiller2%3e%3c%2ffiller2%3e%3cfiller3%3e%3c%2ffiller3%3e%3cfiller4%3e%3c%2ffiller4%3e%3cfiller5%3e%3c%2ffiller5%3e%3c%2fdetail%3e%3c%2frequest%3e
2024-11-09T17:46:48.6064681Z StatusCode: 0
2024-11-09T17:46:48.6073111Z StatusMessage: SUC
2024-11-09T17:46:48.6081853Z ResponseDatetime: 1731174408581
2024-11-09T17:46:48.6090065Z End REST API Invoke
2024-11-09T17:46:48.8275700Z 
2024-11-09T17:46:48.8276431Z SQL*Plus: Release 19.0.0.0.0 - Production on Sat Nov 9 23:16:48 2024
2024-11-09T17:46:48.8276654Z Version 19.3.0.0.0
2024-11-09T17:46:48.8276714Z 
2024-11-09T17:46:48.8276863Z Copyright (c) 1982, 2019, Oracle.  All rights reserved.
2024-11-09T17:46:48.8276940Z 
2024-11-09T17:46:49.1806767Z Last Successful login time: Sat Nov 09 2024 22:00:19 +05:30
2024-11-09T17:46:49.1806951Z 
2024-11-09T17:46:49.1807075Z Connected to:
2024-11-09T17:46:49.1807327Z Oracle Database 19c Enterprise Edition Release 19.0.0.0.0 - Production
2024-11-09T17:46:49.1807503Z Version 19.24.0.0.0
2024-11-09T17:46:49.1807562Z 
2024-11-09T17:46:49.1988683Z 2024119_111649_PM
2024-11-09T17:46:49.1988798Z 
2024-11-09T17:46:49.1995659Z SQL> DEF;
2024-11-09T17:46:49.1995864Z DEFINE _DATE	       = "09-NOV-24" (CHAR)
2024-11-09T17:46:49.1997181Z DEFINE _CONNECT_IDENTIFIER = "//10.240.70.23:1530/istdb" (CHAR)
2024-11-09T17:46:49.1997370Z DEFINE _USER	       = "DPATCH" (CHAR)
2024-11-09T17:46:49.1997519Z DEFINE _PRIVILEGE      = "" (CHAR)
2024-11-09T17:46:49.1997682Z DEFINE _SQLPLUS_RELEASE = "1903000000" (CHAR)
2024-11-09T17:46:49.1997853Z DEFINE _EDITOR	       = "Notepad" (CHAR)
2024-11-09T17:46:49.1998050Z DEFINE _O_VERSION      = "Oracle Database 19c Enterprise Edition Release 19.0.0.0.0 - Production
2024-11-09T17:46:49.1998242Z Version 19.24.0.0.0" (CHAR)
2024-11-09T17:46:49.1998400Z DEFINE _O_RELEASE      = "1924000000" (CHAR)
2024-11-09T17:46:49.1998550Z DEFINE X	       = "2024119_111649_PM" (CHAR)
2024-11-09T17:46:49.1998695Z SQL> set timing on
2024-11-09T17:46:49.1998926Z SQL> @Scripts\NFS_binaddition_9thNOV2024.sql
2024-11-09T17:46:49.2004850Z SQL> Insert into istdbsp.shcextbindb (LOWBIN,HIGHBIN,O_LEVEL,STATUS,DESCRIPTION,DESTINATION,ENTITY_ID,CARDPRODUCT,NETWORK_DATA,FILE_NAME,FILE_VERSION,FILE_DATE,COUNTRY_CODE,NETWORK_CONFIG) values ('818008380000000','818008389999999',null,'A','Banaskantha Mercantile BANK','900000','NFSEMV','*	     ',null,null,null,to_date('09-NOV-24','DD-MON-RR'),356,null);
2024-11-09T17:46:49.2232376Z 
2024-11-09T17:46:49.2232735Z 1 row created.
2024-11-09T17:46:49.2232838Z 
2024-11-09T17:46:49.2232988Z Elapsed: 00:00:00.02
2024-11-09T17:46:49.2233475Z SQL> Insert into istdbsp.shcextbindb (LOWBIN,HIGHBIN,O_LEVEL,STATUS,DESCRIPTION,DESTINATION,ENTITY_ID,CARDPRODUCT,NETWORK_DATA,FILE_NAME,FILE_VERSION,FILE_DATE,COUNTRY_CODE,NETWORK_CONFIG) values ('356191000000000','356191999999999',null,'A','YES Bank','900000','NFSEMV','*	  ',null,null,null,to_date('09-NOV-24','DD-MON-RR'),356,null);
2024-11-09T17:46:49.2279723Z 
2024-11-09T17:46:49.2279920Z 1 row created.
2024-11-09T17:46:49.2279971Z 
2024-11-09T17:46:49.2280099Z Elapsed: 00:00:00.00
2024-11-09T17:46:49.2280484Z SQL> Insert into istdbsp.shcextbindb (LOWBIN,HIGHBIN,O_LEVEL,STATUS,DESCRIPTION,DESTINATION,ENTITY_ID,CARDPRODUCT,NETWORK_DATA,FILE_NAME,FILE_VERSION,FILE_DATE,COUNTRY_CODE,NETWORK_CONFIG) values ('817297000000000','817297999999999',null,'A','Vikas Souharda BANK','900000','NFSEMV','*	     ',null,null,null,to_date('09-NOV-24','DD-MON-RR'),356,null);
2024-11-09T17:46:49.2305702Z 
2024-11-09T17:46:49.2306065Z 1 row created.
2024-11-09T17:46:49.2306112Z 
2024-11-09T17:46:49.2306241Z Elapsed: 00:00:00.00
2024-11-09T17:46:49.2306703Z SQL> Insert into istdbsp.shcextbindb (LOWBIN,HIGHBIN,O_LEVEL,STATUS,DESCRIPTION,DESTINATION,ENTITY_ID,CARDPRODUCT,NETWORK_DATA,FILE_NAME,FILE_VERSION,FILE_DATE,COUNTRY_CODE,NETWORK_CONFIG) values ('818008410000000','818008419999999',null,'A','Nanded Merchants Coop Bank','900000','NFSEMV','*	    ',null,null,null,to_date('09-NOV-24','DD-MON-RR'),356,null);
2024-11-09T17:46:49.2312892Z 
2024-11-09T17:46:49.2313328Z 1 row created.
2024-11-09T17:46:49.2313413Z 
2024-11-09T17:46:49.2313559Z Elapsed: 00:00:00.00
2024-11-09T17:46:49.2314136Z SQL> Insert into istdbsp.shcextbindb (LOWBIN,HIGHBIN,O_LEVEL,STATUS,DESCRIPTION,DESTINATION,ENTITY_ID,CARDPRODUCT,NETWORK_DATA,FILE_NAME,FILE_VERSION,FILE_DATE,COUNTRY_CODE,NETWORK_CONFIG) values ('817780000000000','817780999999999',null,'A','GAUTAM SAHAKARI BANK','900000','NFSEMV','*	      ',null,null,null,to_date('09-NOV-24','DD-MON-RR'),356,null);
2024-11-09T17:46:49.2340076Z 
2024-11-09T17:46:49.2340282Z 1 row created.
2024-11-09T17:46:49.2340333Z 
2024-11-09T17:46:49.2340470Z Elapsed: 00:00:00.00
2024-11-09T17:46:49.2341013Z SQL> Insert into istdbsp.shcextbindb (LOWBIN,HIGHBIN,O_LEVEL,STATUS,DESCRIPTION,DESTINATION,ENTITY_ID,CARDPRODUCT,NETWORK_DATA,FILE_NAME,FILE_VERSION,FILE_DATE,COUNTRY_CODE,NETWORK_CONFIG) values ('652491040000000','652491049999999',null,'A','North East Small Finance Bank','900000','NFSEMV','*	       ',null,null,null,to_date('09-NOV-24','DD-MON-RR'),356,null);
2024-11-09T17:46:49.2357420Z 
2024-11-09T17:46:49.2357642Z 1 row created.
2024-11-09T17:46:49.2357694Z 
2024-11-09T17:46:49.2358588Z Elapsed: 00:00:00.00
2024-11-09T17:46:49.2358990Z SQL> Insert into istdbsp.shcextbindb (LOWBIN,HIGHBIN,O_LEVEL,STATUS,DESCRIPTION,DESTINATION,ENTITY_ID,CARDPRODUCT,NETWORK_DATA,FILE_NAME,FILE_VERSION,FILE_DATE,COUNTRY_CODE,NETWORK_CONFIG) values ('818005060000000','818005069999999',null,'A','Dharmapuri District Cooperative Bank','900000','NFSEMV','*	      ',null,null,null,to_date('09-NOV-24','DD-MON-RR'),356,null);
2024-11-09T17:46:49.2472969Z 
2024-11-09T17:46:49.2473478Z 1 row created.
2024-11-09T17:46:49.2473572Z 
2024-11-09T17:46:49.2473717Z Elapsed: 00:00:00.01
2024-11-09T17:46:49.2474132Z SQL> Insert into istdbsp.shcextbindb (LOWBIN,HIGHBIN,O_LEVEL,STATUS,DESCRIPTION,DESTINATION,ENTITY_ID,CARDPRODUCT,NETWORK_DATA,FILE_NAME,FILE_VERSION,FILE_DATE,COUNTRY_CODE,NETWORK_CONFIG) values ('818005120000000','818005129999999',null,'A','Tiruchirapalli district Cooperative Bank','900000','NFSEMV','*	  ',null,null,null,to_date('09-NOV-24','DD-MON-RR'),356,null);
2024-11-09T17:46:49.2612789Z 
2024-11-09T17:46:49.2613285Z 1 row created.
2024-11-09T17:46:49.2613379Z 
2024-11-09T17:46:49.2613533Z Elapsed: 00:00:00.01
2024-11-09T17:46:49.2613918Z SQL> Insert into istdbsp.shcextbindb (LOWBIN,HIGHBIN,O_LEVEL,STATUS,DESCRIPTION,DESTINATION,ENTITY_ID,CARDPRODUCT,NETWORK_DATA,FILE_NAME,FILE_VERSION,FILE_DATE,COUNTRY_CODE,NETWORK_CONFIG) values ('818005830000000','818005839999999',null,'A','Almora Urban Bank','900000','NFSEMV','*	   ',null,null,null,to_date('09-NOV-24','DD-MON-RR'),356,null);
2024-11-09T17:46:49.2647266Z 
2024-11-09T17:46:49.2647703Z 1 row created.
2024-11-09T17:46:49.2647775Z 
2024-11-09T17:46:49.2647942Z Elapsed: 00:00:00.00
2024-11-09T17:46:49.2648331Z SQL> Insert into istdbsp.shcextbindb (LOWBIN,HIGHBIN,O_LEVEL,STATUS,DESCRIPTION,DESTINATION,ENTITY_ID,CARDPRODUCT,NETWORK_DATA,FILE_NAME,FILE_VERSION,FILE_DATE,COUNTRY_CODE,NETWORK_CONFIG) values ('818005290000000','818005299999999',null,'A','Cuddalore District Cooperative Bank','900000','NFSEMV','*	     ',null,null,null,to_date('09-NOV-24','DD-MON-RR'),356,null);
2024-11-09T17:46:49.2666222Z 
2024-11-09T17:46:49.2666620Z 1 row created.
2024-11-09T17:46:49.2666748Z 
2024-11-09T17:46:49.2666924Z Elapsed: 00:00:00.00
2024-11-09T17:46:49.2667433Z SQL> Insert into istdbsp.shcextbindb (LOWBIN,HIGHBIN,O_LEVEL,STATUS,DESCRIPTION,DESTINATION,ENTITY_ID,CARDPRODUCT,NETWORK_DATA,FILE_NAME,FILE_VERSION,FILE_DATE,COUNTRY_CODE,NETWORK_CONFIG) values ('818005160000000','818005169999999',null,'A','Erode District Cooperative Bank','900000','NFSEMV','*	 ',null,null,null,to_date('09-NOV-24','DD-MON-RR'),356,null);
2024-11-09T17:46:49.2674058Z 
2024-11-09T17:46:49.2674468Z 1 row created.
2024-11-09T17:46:49.2674554Z 
2024-11-09T17:46:49.2674699Z Elapsed: 00:00:00.00
2024-11-09T17:46:49.2675178Z SQL> Insert into istdbsp.shcextbindb (LOWBIN,HIGHBIN,O_LEVEL,STATUS,DESCRIPTION,DESTINATION,ENTITY_ID,CARDPRODUCT,NETWORK_DATA,FILE_NAME,FILE_VERSION,FILE_DATE,COUNTRY_CODE,NETWORK_CONFIG) values ('818005250000000','818005259999999',null,'A','Thoothukudi District Cooperative Bank','900000','NFSEMV','*	       ',null,null,null,to_date('09-NOV-24','DD-MON-RR'),356,null);
2024-11-09T17:46:49.2681106Z 
2024-11-09T17:46:49.2681376Z 1 row created.
2024-11-09T17:46:49.2681457Z 
2024-11-09T17:46:49.2681573Z Elapsed: 00:00:00.00
2024-11-09T17:46:49.2682090Z SQL> Insert into istdbsp.shcextbindb (LOWBIN,HIGHBIN,O_LEVEL,STATUS,DESCRIPTION,DESTINATION,ENTITY_ID,CARDPRODUCT,NETWORK_DATA,FILE_NAME,FILE_VERSION,FILE_DATE,COUNTRY_CODE,NETWORK_CONFIG) values ('817745000000000','817745999999999',null,'A','Zila Sahkari Bank','900000','NFSEMV','*	   ',null,null,null,to_date('09-NOV-24','DD-MON-RR'),356,null);
2024-11-09T17:46:49.2697359Z 
2024-11-09T17:46:49.2697907Z 1 row created.
2024-11-09T17:46:49.2698112Z 
2024-11-09T17:46:49.2698313Z Elapsed: 00:00:00.00
2024-11-09T17:46:49.2698689Z SQL> Insert into istdbsp.shcextbindb (LOWBIN,HIGHBIN,O_LEVEL,STATUS,DESCRIPTION,DESTINATION,ENTITY_ID,CARDPRODUCT,NETWORK_DATA,FILE_NAME,FILE_VERSION,FILE_DATE,COUNTRY_CODE,NETWORK_CONFIG) values ('818008150000000','818008159999999',null,'A','Haryana State Bank','900000','NFSEMV','*	    ',null,null,null,to_date('09-NOV-24','DD-MON-RR'),356,null);
2024-11-09T17:46:49.2705037Z 
2024-11-09T17:46:49.2705357Z 1 row created.
2024-11-09T17:46:49.2705451Z 
2024-11-09T17:46:49.2705704Z Elapsed: 00:00:00.00
2024-11-09T17:46:49.2706392Z SQL> Insert into istdbsp.shcextbindb (LOWBIN,HIGHBIN,O_LEVEL,STATUS,DESCRIPTION,DESTINATION,ENTITY_ID,CARDPRODUCT,NETWORK_DATA,FILE_NAME,FILE_VERSION,FILE_DATE,COUNTRY_CODE,NETWORK_CONFIG) values ('356192000000000','356192999999999',null,'A','Yes Bank','900000','NFSEMV','*	  ',null,null,null,to_date('09-NOV-24','DD-MON-RR'),356,null);
2024-11-09T17:46:49.2714908Z 
2024-11-09T17:46:49.2715284Z 1 row created.
2024-11-09T17:46:49.2715434Z 
2024-11-09T17:46:49.2715592Z Elapsed: 00:00:00.00
2024-11-09T17:46:49.2716123Z SQL> Insert into istdbsp.shcextbindb (LOWBIN,HIGHBIN,O_LEVEL,STATUS,DESCRIPTION,DESTINATION,ENTITY_ID,CARDPRODUCT,NETWORK_DATA,FILE_NAME,FILE_VERSION,FILE_DATE,COUNTRY_CODE,NETWORK_CONFIG) values ('356188000000000','356188999999999',null,'A','SBI Cards Credit Card','900000','NFSEMV','*	       ',null,null,null,to_date('09-NOV-24','DD-MON-RR'),356,null);
2024-11-09T17:46:49.2721529Z 
2024-11-09T17:46:49.2721764Z 1 row created.
2024-11-09T17:46:49.2721820Z 
2024-11-09T17:46:49.2721961Z Elapsed: 00:00:00.00
2024-11-09T17:46:49.2722602Z SQL> Insert into istdbsp.shcextbindb (LOWBIN,HIGHBIN,O_LEVEL,STATUS,DESCRIPTION,DESTINATION,ENTITY_ID,CARDPRODUCT,NETWORK_DATA,FILE_NAME,FILE_VERSION,FILE_DATE,COUNTRY_CODE,NETWORK_CONFIG) values ('356193000000000','356193999999999',null,'A','SBI Cards Credit Card','900000','NFSEMV','*	       ',null,null,null,to_date('09-NOV-24','DD-MON-RR'),356,null);
2024-11-09T17:46:49.2732444Z 
2024-11-09T17:46:49.2732688Z 1 row created.
2024-11-09T17:46:49.2732790Z 
2024-11-09T17:46:49.2732953Z Elapsed: 00:00:00.00
2024-11-09T17:46:49.2733526Z SQL> Insert into istdbsp.shcextbindb (LOWBIN,HIGHBIN,O_LEVEL,STATUS,DESCRIPTION,DESTINATION,ENTITY_ID,CARDPRODUCT,NETWORK_DATA,FILE_NAME,FILE_VERSION,FILE_DATE,COUNTRY_CODE,NETWORK_CONFIG) values ('818005860000000','818005869999999',null,'A','Bhandara District Cooperative Bank','900000','NFSEMV','*	    ',null,null,null,to_date('09-NOV-24','DD-MON-RR'),356,null);
2024-11-09T17:46:49.2742029Z 
2024-11-09T17:46:49.2742422Z 1 row created.
2024-11-09T17:46:49.2742486Z 
2024-11-09T17:46:49.2742636Z Elapsed: 00:00:00.00
2024-11-09T17:46:49.2743089Z SQL> Insert into istdbsp.shcextbindb (LOWBIN,HIGHBIN,O_LEVEL,STATUS,DESCRIPTION,DESTINATION,ENTITY_ID,CARDPRODUCT,NETWORK_DATA,FILE_NAME,FILE_VERSION,FILE_DATE,COUNTRY_CODE,NETWORK_CONFIG) values ('356129180000000','356129189999999',null,'A','City Union Bank','900000','NFSEMV','*	 ',null,null,null,to_date('09-NOV-24','DD-MON-RR'),356,null);
2024-11-09T17:46:49.2750236Z 
2024-11-09T17:46:49.2750467Z 1 row created.
2024-11-09T17:46:49.2750531Z 
2024-11-09T17:46:49.2750668Z Elapsed: 00:00:00.00
2024-11-09T17:46:49.2751254Z SQL> Insert into istdbsp.shcextbindb (LOWBIN,HIGHBIN,O_LEVEL,STATUS,DESCRIPTION,DESTINATION,ENTITY_ID,CARDPRODUCT,NETWORK_DATA,FILE_NAME,FILE_VERSION,FILE_DATE,COUNTRY_CODE,NETWORK_CONFIG) values ('817779000000000','817779999999999',null,'A','Yeshwant Nagari Sahakari Bank','900000','NFSEMV','*	       ',null,null,null,to_date('09-NOV-24','DD-MON-RR'),356,null);
2024-11-09T17:46:49.2761596Z 
2024-11-09T17:46:49.2761973Z 1 row created.
2024-11-09T17:46:49.2762024Z 
2024-11-09T17:46:49.2762233Z Elapsed: 00:00:00.00
2024-11-09T17:46:49.2762640Z SQL> Insert into istdbsp.shcextbindb (LOWBIN,HIGHBIN,O_LEVEL,STATUS,DESCRIPTION,DESTINATION,ENTITY_ID,CARDPRODUCT,NETWORK_DATA,FILE_NAME,FILE_VERSION,FILE_DATE,COUNTRY_CODE,NETWORK_CONFIG) values ('223487000000000','223487009999999',null,'A','HDFC Bank','900000','NFSEMV','*	   ',null,null,null,to_date('09-NOV-24','DD-MON-RR'),356,null);
2024-11-09T17:46:49.2786480Z 
2024-11-09T17:46:49.2786882Z 1 row created.
2024-11-09T17:46:49.2786946Z 
2024-11-09T17:46:49.2787070Z Elapsed: 00:00:00.00
2024-11-09T17:46:49.2787648Z SQL> Insert into istdbsp.shcextbindb (LOWBIN,HIGHBIN,O_LEVEL,STATUS,DESCRIPTION,DESTINATION,ENTITY_ID,CARDPRODUCT,NETWORK_DATA,FILE_NAME,FILE_VERSION,FILE_DATE,COUNTRY_CODE,NETWORK_CONFIG) values ('223487010000000','223487019999999',null,'A','HDFC Bank','900000','NFSEMV','*	   ',null,null,null,to_date('09-NOV-24','DD-MON-RR'),356,null);
2024-11-09T17:46:49.2795368Z 
2024-11-09T17:46:49.2795701Z 1 row created.
2024-11-09T17:46:49.2795787Z 
2024-11-09T17:46:49.2795924Z Elapsed: 00:00:00.00
2024-11-09T17:46:49.2796578Z SQL> Insert into istdbsp.shcextbindb (LOWBIN,HIGHBIN,O_LEVEL,STATUS,DESCRIPTION,DESTINATION,ENTITY_ID,CARDPRODUCT,NETWORK_DATA,FILE_NAME,FILE_VERSION,FILE_DATE,COUNTRY_CODE,NETWORK_CONFIG) values ('223487020000000','223487029999999',null,'A','HDFC Bank','900000','NFSEMV','*	   ',null,null,null,to_date('09-NOV-24','DD-MON-RR'),356,null);
2024-11-09T17:46:49.2802091Z 
2024-11-09T17:46:49.2802335Z 1 row created.
2024-11-09T17:46:49.2802451Z 
2024-11-09T17:46:49.2802600Z Elapsed: 00:00:00.00
2024-11-09T17:46:49.2803456Z SQL> Insert into istdbsp.shcextbindb (LOWBIN,HIGHBIN,O_LEVEL,STATUS,DESCRIPTION,DESTINATION,ENTITY_ID,CARDPRODUCT,NETWORK_DATA,FILE_NAME,FILE_VERSION,FILE_DATE,COUNTRY_CODE,NETWORK_CONFIG) values ('223487030000000','223487039999999',null,'A','HDFC Bank','900000','NFSEMV','*	   ',null,null,null,to_date('09-NOV-24','DD-MON-RR'),356,null);
2024-11-09T17:46:49.2808789Z 
2024-11-09T17:46:49.2808994Z 1 row created.
2024-11-09T17:46:49.2809080Z 
2024-11-09T17:46:49.2809281Z Elapsed: 00:00:00.00
2024-11-09T17:46:49.2809867Z SQL> Insert into istdbsp.shcextbindb (LOWBIN,HIGHBIN,O_LEVEL,STATUS,DESCRIPTION,DESTINATION,ENTITY_ID,CARDPRODUCT,NETWORK_DATA,FILE_NAME,FILE_VERSION,FILE_DATE,COUNTRY_CODE,NETWORK_CONFIG) values ('223487040000000','223487049999999',null,'A','HDFC Bank','900000','NFSEMV','*	   ',null,null,null,to_date('09-NOV-24','DD-MON-RR'),356,null);
2024-11-09T17:46:49.2815517Z 
2024-11-09T17:46:49.2815756Z 1 row created.
2024-11-09T17:46:49.2815838Z 
2024-11-09T17:46:49.2815975Z Elapsed: 00:00:00.00
2024-11-09T17:46:49.2816877Z SQL> Insert into istdbsp.shcextbindb (LOWBIN,HIGHBIN,O_LEVEL,STATUS,DESCRIPTION,DESTINATION,ENTITY_ID,CARDPRODUCT,NETWORK_DATA,FILE_NAME,FILE_VERSION,FILE_DATE,COUNTRY_CODE,NETWORK_CONFIG) values ('223487050000000','223487059999999',null,'A','HDFC Bank','900000','NFSEMV','*	   ',null,null,null,to_date('09-NOV-24','DD-MON-RR'),356,null);
2024-11-09T17:46:49.2824319Z 
2024-11-09T17:46:49.2824563Z 1 row created.
2024-11-09T17:46:49.2824627Z 
2024-11-09T17:46:49.2824760Z Elapsed: 00:00:00.00
2024-11-09T17:46:49.2825517Z SQL> Insert into istdbsp.shcextbindb (LOWBIN,HIGHBIN,O_LEVEL,STATUS,DESCRIPTION,DESTINATION,ENTITY_ID,CARDPRODUCT,NETWORK_DATA,FILE_NAME,FILE_VERSION,FILE_DATE,COUNTRY_CODE,NETWORK_CONFIG) values ('223487060000000','223487069999999',null,'A','HDFC Bank','900000','NFSEMV','*	   ',null,null,null,to_date('09-NOV-24','DD-MON-RR'),356,null);
2024-11-09T17:46:49.2888484Z 
2024-11-09T17:46:49.2888784Z 1 row created.
2024-11-09T17:46:49.2888865Z 
2024-11-09T17:46:49.2889015Z Elapsed: 00:00:00.00
2024-11-09T17:46:49.2889511Z SQL> Insert into istdbsp.shcextbindb (LOWBIN,HIGHBIN,O_LEVEL,STATUS,DESCRIPTION,DESTINATION,ENTITY_ID,CARDPRODUCT,NETWORK_DATA,FILE_NAME,FILE_VERSION,FILE_DATE,COUNTRY_CODE,NETWORK_CONFIG) values ('223487070000000','223487079999999',null,'A','HDFC Bank','900000','NFSEMV','*	   ',null,null,null,to_date('09-NOV-24','DD-MON-RR'),356,null);
2024-11-09T17:46:49.2896662Z 
2024-11-09T17:46:49.2897072Z 1 row created.
2024-11-09T17:46:49.2897154Z 
2024-11-09T17:46:49.2897299Z Elapsed: 00:00:00.00
2024-11-09T17:46:49.2897744Z SQL> Insert into istdbsp.shcextbindb (LOWBIN,HIGHBIN,O_LEVEL,STATUS,DESCRIPTION,DESTINATION,ENTITY_ID,CARDPRODUCT,NETWORK_DATA,FILE_NAME,FILE_VERSION,FILE_DATE,COUNTRY_CODE,NETWORK_CONFIG) values ('223487080000000','223487089999999',null,'A','HDFC Bank','900000','NFSEMV','*	   ',null,null,null,to_date('09-NOV-24','DD-MON-RR'),356,null);
2024-11-09T17:46:49.2924001Z 
2024-11-09T17:46:49.2925485Z 1 row created.
2024-11-09T17:46:49.2925541Z 
2024-11-09T17:46:49.2925677Z Elapsed: 00:00:00.00
2024-11-09T17:46:49.2925814Z SQL> commit;
2024-11-09T17:46:49.2946105Z 
2024-11-09T17:46:49.2946562Z Commit complete.
2024-11-09T17:46:49.2946656Z 
2024-11-09T17:46:49.2946793Z Elapsed: 00:00:00.00
2024-11-09T17:46:49.2946934Z SQL> 
2024-11-09T17:46:49.2949843Z SQL> set timing off
2024-11-09T17:46:49.2949988Z SQL> spool off
2024-11-09T17:46:49.2982708Z SQL> exit
2024-11-09T17:46:49.3000184Z Disconnected from Oracle Database 19c Enterprise Edition Release 19.0.0.0.0 - Production
2024-11-09T17:46:49.3000406Z Version 19.24.0.0.0
2024-11-09T17:46:50.1684469Z 0
2024-11-09T17:46:50.1701701Z ok
2024-11-09T17:46:50.2443564Z ##[section]Finishing: Deployment
