2024-11-09T17:46:44.7172917Z ##[section]Starting: Deployment
2024-11-09T17:46:44.7412508Z ==============================================================================
2024-11-09T17:46:44.7412653Z Task         : PowerShell
2024-11-09T17:46:44.7412738Z Description  : Run a PowerShell script on Linux, macOS, or Windows
2024-11-09T17:46:44.7412845Z Version      : 2.247.1
2024-11-09T17:46:44.7412901Z Author       : Microsoft Corporation
2024-11-09T17:46:44.7412978Z Help         : https://docs.microsoft.com/azure/devops/pipelines/tasks/utility/powershell
2024-11-09T17:46:44.7413072Z ==============================================================================
2024-11-09T17:46:46.0206552Z Generating script.
2024-11-09T17:46:46.0783270Z Formatted command: . 'D:\KMBLAgentLatest02\vsts-agent-win-x64-2.166.4\_work\r790\a\_Scripts\Deploy.ps1'
2024-11-09T17:46:46.1225745Z ========================== Starting Command Output ===========================
2024-11-09T17:46:46.1480853Z ##[command]"C:\Windows\System32\WindowsPowerShell\v1.0\powershell.exe" -NoLogo -NoProfile -NonInteractive -ExecutionPolicy Unrestricted -Command ". 'D:\KMBLAgentLatest02\vsts-agent-win-x64-2.166.4\_work\_temp\fb8329be-97d0-4589-958d-eb1ed05e6f5b.ps1'"
2024-11-09T17:46:46.5440052Z dpatch
2024-11-09T17:46:46.5544830Z 
2024-11-09T17:46:46.5585959Z IsPublic IsSerial Name   BaseType     
2024-11-09T17:46:46.5589855Z -------- -------- ----   --------     
2024-11-09T17:46:46.5592284Z True     True     String System.Object
2024-11-09T17:46:46.5592379Z 
2024-11-09T17:46:46.5593666Z 
2024-11-09T17:46:48.4763864Z Message: dpatch
2024-11-09T17:46:48.4774552Z Message: <request><header><msg_code>RequestArcosService</msg_code><source>VSTS</source><channel>ALL</channel><txn_ref_number>VSTS_ALL_1731174408000</txn_ref_number><txn_datetime>1731174408000</txn_datetime><ip>10.10.35.158</ip><device_id></device_id></header><detail><service_type>AppToadOracle</service_type><server_ip>10.240.70.23</server_ip><username>DPATCH</username><lob_profile>PRIVILEGE_ORACLE</lob_profile><db_instance_name>istdb</db_instance_name><filler1></filler1><filler2></filler2><filler3></filler3><filler4></filler4><filler5></filler5></detail></request>
2024-11-09T17:46:48.4911455Z http://10.10.35.158:9080/arcos-service/RequestArcosService?format=xml&data=%3crequest%3e%3cheader%3e%3cmsg_code%3eRequestArcosService%3c%2fmsg_code%3e%3csource%3eVSTS%3c%2fsource%3e%3cchannel%3eALL%3c%2fchannel%3e%3ctxn_ref_number%3eVSTS_ALL_1731174408000%3c%2ftxn_ref_number%3e%3ctxn_datetime%3e1731174408000%3c%2ftxn_datetime%3e%3cip%3e10.10.35.158%3c%2fip%3e%3cdevice_id%3e%3c%2fdevice_id%3e%3c%2fheader%3e%3cdetail%3e%3cservice_type%3eAppToadOracle%3c%2fservice_type%3e%3cserver_ip%3e10.240.70.23%3c%2fserver_ip%3e%3cusername%3eDPATCH%3c%2fusername%3e%3clob_profile%3ePRIVILEGE_ORACLE%3c%2flob_profile%3e%3cdb_instance_name%3eistdb%3c%2fdb_instance_name%3e%3cfiller1%3e%3c%2ffiller1%3e%3cfiller2%3e%3c%2ffiller2%3e%3cfiller3%3e%3c%2ffiller3%3e%3cfiller4%3e%3c%2ffiller4%3e%3cfiller5%3e%3c%2ffiller5%3e%3c%2fdetail%3e%3c%2frequest%3e
2024-11-09T17:46:48.6064681Z StatusCode: 0
2024-11-09T17:46:48.6073111Z StatusMessage: SUC
2024-11-09T17:46:48.6081853Z ResponseDatetime: 1731174408581
2024-11-09T17:46:48.6090065Z End REST API Invoke
2024-11-09T17:46:48.8275700Z 
2024-11-09T17:46:48.8276431Z SQL*Plus: Release 19.0.0.0.0 - Production on Sat Nov 9 23:16:48 2024
2024-11-09T17:46:48.8276654Z Version 19.3.0.0.0
2024-11-09T17:46:48.8276714Z 
2024-11-09T17:46:48.8276863Z Copyright (c) 1982, 2019, Oracle.  All rights reserved.
2024-11-09T17:46:48.8276940Z 
2024-11-09T17:46:49.1806767Z Last Successful login time: Sat Nov 09 2024 22:00:19 +05:30
2024-11-09T17:46:49.1806951Z 
2024-11-09T17:46:49.1807075Z Connected to:
2024-11-09T17:46:49.1807327Z Oracle Database 19c Enterprise Edition Release 19.0.0.0.0 - Production
2024-11-09T17:46:49.1807503Z Version 19.24.0.0.0
2024-11-09T17:46:49.1807562Z 
2024-11-09T17:46:49.1988683Z 2024119_111649_PM
2024-11-09T17:46:49.1988798Z 
2024-11-09T17:46:49.1995659Z SQL> DEF;
2024-11-09T17:46:49.1995864Z DEFINE _DATE	       = "09-NOV-24" (CHAR)
2024-11-09T17:46:49.1997181Z DEFINE _CONNECT_IDENTIFIER = "//10.240.70.23:1530/istdb" (CHAR)
2024-11-09T17:46:49.1997370Z DEFINE _USER	       = "DPATCH" (CHAR)
2024-11-09T17:46:49.1997519Z DEFINE _PRIVILEGE      = "" (CHAR)
2024-11-09T17:46:49.1997682Z DEFINE _SQLPLUS_RELEASE = "1903000000" (CHAR)
2024-11-09T17:46:49.1997853Z DEFINE _EDITOR	       = "Notepad" (CHAR)
2024-11-09T17:46:49.1998050Z DEFINE _O_VERSION      = "Oracle Database 19c Enterprise Edition Release 19.0.0.0.0 - Production
2024-11-09T17:46:49.1998242Z Version 19.24.0.0.0" (CHAR)
2024-11-09T17:46:49.1998400Z DEFINE _O_RELEASE      = "1924000000" (CHAR)
2024-11-09T17:46:49.1998550Z DEFINE X	       = "2024119_111649_PM" (CHAR)
2024-11-09T17:46:49.1998695Z SQL> set timing on
2024-11-09T17:46:49.1998926Z SQL> @Scripts\NFS_binaddition_9thNOV2024.sql
2024-11-09T17:46:49.2004850Z SQL> Insert into istdbsp.shcextbindb (LOWBIN,HIGHBIN,O_LEVEL,STATUS,DESCRIPTION,DESTINATION,ENTITY_ID,CARDPRODUCT,NETWORK_DATA,FILE_NAME,FILE_VERSION,FILE_DATE,COUNTRY_CODE,NETWORK_CONFIG) values ('818008380000000','818008389999999',null,'A','Banaskantha Mercantile BANK','900000','NFSEMV','*	     ',null,null,null,to_date('09-NOV-24','DD-MON-RR'),356,null);
2024-11-09T17:46:49.2232376Z 
2024-11-09T17:46:49.2232735Z 1 row created.
2024-11-09T17:46:49.2232838Z 
2024-11-09T17:46:49.2232988Z Elapsed: 00:00:00.02
2024-11-09T17:46:49.2233475Z SQL> Insert into istdbsp.shcextbindb (LOWBIN,HIGHBIN,O_LEVEL,STATUS,DESCRIPTION,DESTINATION,ENTITY_ID,CARDPRODUCT,NETWORK_DATA,FILE_NAME,FILE_VERSION,FILE_DATE,COUNTRY_CODE,NETWORK_CONFIG) values ('356191000000000','356191999999999',null,'A','YES Bank','900000','NFSEMV','*	  ',null,null,null,to_date('09-NOV-24','DD-MON-RR'),356,null);
2024-11-09T17:46:49.2279723Z 
2024-11-09T17:46:49.2279920Z 1 row created.
2024-11-09T17:46:49.2279971Z 
2024-11-09T17:46:49.2280099Z Elapsed: 00:00:00.00
2024-11-09T17:46:49.2280484Z SQL> Insert into istdbsp.shcextbindb (LOWBIN,HIGHBIN,O_LEVEL,STATUS,DESCRIPTION,DESTINATION,ENTITY_ID,CARDPRODUCT,NETWORK_DATA,FILE_NAME,FILE_VERSION,FILE_DATE,COUNTRY_CODE,NETWORK_CONFIG) values ('817297000000000','817297999999999',null,'A','Vikas Souharda BANK','900000','NFSEMV','*	     ',null,null,null,to_date('09-NOV-24','DD-MON-RR'),356,null);
2024-11-09T17:46:49.2305702Z 
2024-11-09T17:46:49.2306065Z 1 row created.
2024-11-09T17:46:49.2306112Z 
2024-11-09T17:46:49.2306241Z Elapsed: 00:00:00.00
2024-11-09T17:46:49.2306703Z SQL> Insert into istdbsp.shcextbindb (LOWBIN,HIGHBIN,O_LEVEL,STATUS,DESCRIPTION,DESTINATION,ENTITY_ID,CARDPRODUCT,NETWORK_DATA,FILE_NAME,FILE_VERSION,FILE_DATE,COUNTRY_CODE,NETWORK_CONFIG) values ('818008410000000','818008419999999',null,'A','Nanded Merchants Coop Bank','900000','NFSEMV','*	    ',null,null,null,to_date('09-NOV-24','DD-MON-RR'),356,null);
2024-11-09T17:46:49.2312892Z 
2024-11-09T17:46:49.2313328Z 10 row created.
2024-11-09T17:46:49.2313413Z 
2024-11-09T17:46:49.2313559Z Elapsed: 00:00:00.00
2024-11-09T17:46:49.2314136Z SQL> Insert into istdbsp.shcextbindb (LOWBIN,HIGHBIN,O_LEVEL,STATUS,DESCRIPTION,DESTINATION,ENTITY_ID,CARDPRODUCT,NETWORK_DATA,FILE_NAME,FILE_VERSION,FILE_DATE,COUNTRY_CODE,NETWORK_CONFIG) values ('817780000000000','817780999999999',null,'A','GAUTAM SAHAKARI BANK','900000','NFSEMV','*	      ',null,null,null,to_date('09-NOV-24','DD-MON-RR'),356,null);
2024-11-09T17:46:49.2340076Z 
2024-11-09T17:46:49.2340282Z 15 row created.
2024-11-09T17:46:49.2340333Z 
2024-11-09T17:46:49.2340470Z Elapsed: 00:00:00.00
2024-11-09T17:46:49.2341013Z SQL> Insert into istdbsp.shcextbindb (LOWBIN,HIGHBIN,O_LEVEL,STATUS,DESCRIPTION,DESTINATION,ENTITY_ID,CARDPRODUCT,NETWORK_DATA,FILE_NAME,FILE_VERSION,FILE_DATE,COUNTRY_CODE,NETWORK_CONFIG) values ('652491040000000','652491049999999',null,'A','North East Small Finance Bank','900000','NFSEMV','*	       ',null,null,null,to_date('09-NOV-24','DD-MON-RR'),356,null);
2024-11-09T17:46:49.2357420Z 
2024-11-09T17:46:49.2357642Z 58 row created.
2024-11-09T17:46:49.2357694Z 
2024-11-09T17:46:49.2358588Z Elapsed: 00:00:00.00
2024-11-09T17:46:49.2358990Z SQL> Insert into istdbsp.shcextbindb (LOWBIN,HIGHBIN,O_LEVEL,STATUS,DESCRIPTION,DESTINATION,ENTITY_ID,CARDPRODUCT,NETWORK_DATA,FILE_NAME,FILE_VERSION,FILE_DATE,COUNTRY_CODE,NETWORK_CONFIG) values ('818005060000000','818005069999999',null,'A','Dharmapuri District Cooperative Bank','900000','NFSEMV','*	      ',null,null,null,to_date('09-NOV-24','DD-MON-RR'),356,null);
2024-11-09T17:46:49.2472969Z 
2024-11-09T17:46:49.2473478Z 100 row created.
2024-11-09T17:46:49.2473572Z 
2024-11-09T17:46:49.2473717Z Elapsed: 00:00:00.01
2024-11-09T17:46:49.2474132Z SQL> Insert into istdbsp.shcextbindb (LOWBIN,HIGHBIN,O_LEVEL,STATUS,DESCRIPTION,DESTINATION,ENTITY_ID,CARDPRODUCT,NETWORK_DATA,FILE_NAME,FILE_VERSION,FILE_DATE,COUNTRY_CODE,NETWORK_CONFIG) values ('818005120000000','818005129999999',null,'A','Tiruchirapalli district Cooperative Bank','900000','NFSEMV','*	  ',null,null,null,to_date('09-NOV-24','DD-MON-RR'),356,null);
2024-11-09T17:46:49.2612789Z 
2024-11-09T17:46:49.2613285Z 1 row created.
2024-11-09T17:46:49.2613379Z 
2024-11-09T17:46:49.2613533Z Elapsed: 00:00:00.01
2024-11-09T17:46:49.2613918Z SQL> Insert into istdbsp.shcextbindb (LOWBIN,HIGHBIN,O_LEVEL,STATUS,DESCRIPTION,DESTINATION,ENTITY_ID,CARDPRODUCT,NETWORK_DATA,FILE_NAME,FILE_VERSION,FILE_DATE,COUNTRY_CODE,NETWORK_CONFIG) values ('818005830000000','818005839999999',null,'A','Almora Urban Bank','900000','NFSEMV','*	   ',null,null,null,to_date('09-NOV-24','DD-MON-RR'),356,null);
2024-11-09T17:46:49.2647266Z 
2024-11-09T17:46:49.2647703Z 1 row created.
2024-11-09T17:46:49.2647775Z 
2024-11-09T17:46:49.2647942Z Elapsed: 00:00:00.00
2024-11-09T17:46:49.2648331Z SQL> Insert into istdbsp.shcextbindb (LOWBIN,HIGHBIN,O_LEVEL,STATUS,DESCRIPTION,DESTINATION,ENTITY_ID,CARDPRODUCT,NETWORK_DATA,FILE_NAME,FILE_VERSION,FILE_DATE,COUNTRY_CODE,NETWORK_CONFIG) values ('818005290000000','818005299999999',null,'A','Cuddalore District Cooperative Bank','900000','NFSEMV','*	     ',null,null,null,to_date('09-NOV-24','DD-MON-RR'),356,null);
2024-11-09T17:46:49.2666222Z 
2024-11-09T17:46:49.2666620Z 1 row created.
2024-11-09T17:46:49.2666748Z 
2024-11-09T17:46:49.2666924Z Elapsed: 00:00:00.00
2024-11-09T17:46:49.2667433Z SQL> Insert into istdbsp.shcextbindb (LOWBIN,HIGHBIN,O_LEVEL,STATUS,DESCRIPTION,DESTINATION,ENTITY_ID,CARDPRODUCT,NETWORK_DATA,FILE_NAME,FILE_VERSION,FILE_DATE,COUNTRY_CODE,NETWORK_CONFIG) values ('818005160000000','818005169999999',null,'A','Erode District Cooperative Bank','900000','NFSEMV','*	 ',null,null,null,to_date('09-NOV-24','DD-MON-RR'),356,null);
2024-11-09T17:46:49.2674058Z 
2024-11-09T17:46:49.2674468Z 1 row created.
2024-11-09T17:46:49.2674554Z 
2024-11-09T17:46:49.2674699Z Elapsed: 00:00:00.00
2024-11-09T17:46:49.2675178Z SQL> Insert into istdbsp.shcextbindb (LOWBIN,HIGHBIN,O_LEVEL,STATUS,DESCRIPTION,DESTINATION,ENTITY_ID,CARDPRODUCT,NETWORK_DATA,FILE_NAME,FILE_VERSION,FILE_DATE,COUNTRY_CODE,NETWORK_CONFIG) values ('818005250000000','818005259999999',null,'A','Thoothukudi District Cooperative Bank','900000','NFSEMV','*	       ',null,null,null,to_date('09-NOV-24','DD-MON-RR'),356,null);
2024-11-09T17:46:49.2681106Z 
2024-11-09T17:46:49.2681376Z 1 row created.
2024-11-09T17:46:49.2681457Z 
2024-11-09T17:46:49.2681573Z Elapsed: 00:00:00.00
2024-11-09T17:46:49.2682090Z SQL> Insert into istdbsp.shcextbindb (LOWBIN,HIGHBIN,O_LEVEL,STATUS,DESCRIPTION,DESTINATION,ENTITY_ID,CARDPRODUCT,NETWORK_DATA,FILE_NAME,FILE_VERSION,FILE_DATE,COUNTRY_CODE,NETWORK_CONFIG) values ('817745000000000','817745999999999',null,'A','Zila Sahkari Bank','900000','NFSEMV','*	   ',null,null,null,to_date('09-NOV-24','DD-MON-RR'),356,null);
2024-11-09T17:46:49.2697359Z 
2024-11-09T17:46:49.2697907Z 1 row created.
2024-11-09T17:46:49.2698112Z 
2024-11-09T17:46:49.2698313Z Elapsed: 00:00:00.00
2024-11-09T17:46:49.2698689Z SQL> Insert into istdbsp.shcextbindb (LOWBIN,HIGHBIN,O_LEVEL,STATUS,DESCRIPTION,DESTINATION,ENTITY_ID,CARDPRODUCT,NETWORK_DATA,FILE_NAME,FILE_VERSION,FILE_DATE,COUNTRY_CODE,NETWORK_CONFIG) values ('818008150000000','818008159999999',null,'A','Haryana State Bank','900000','NFSEMV','*	    ',null,null,null,to_date('09-NOV-24','DD-MON-RR'),356,null);
2024-11-09T17:46:49.2705037Z 
2024-11-09T17:46:49.2705357Z 1 row created.
2024-11-09T17:46:49.2705451Z 
2024-11-09T17:46:49.2705704Z Elapsed: 00:00:00.00
2024-11-09T17:46:49.2706392Z SQL> Insert into istdbsp.shcextbindb (LOWBIN,HIGHBIN,O_LEVEL,STATUS,DESCRIPTION,DESTINATION,ENTITY_ID,CARDPRODUCT,NETWORK_DATA,FILE_NAME,FILE_VERSION,FILE_DATE,COUNTRY_CODE,NETWORK_CONFIG) values ('356192000000000','356192999999999',null,'A','Yes Bank','900000','NFSEMV','*	  ',null,null,null,to_date('09-NOV-24','DD-MON-RR'),356,null);
2024-11-09T17:46:49.2714908Z 
2024-11-09T17:46:49.2715284Z 1 row created.
2024-11-09T17:46:49.2715434Z 
2024-11-09T17:46:49.2715592Z Elapsed: 00:00:00.00
2024-11-09T17:46:49.2716123Z SQL> Insert into istdbsp.shcextbindb (LOWBIN,HIGHBIN,O_LEVEL,STATUS,DESCRIPTION,DESTINATION,ENTITY_ID,CARDPRODUCT,NETWORK_DATA,FILE_NAME,FILE_VERSION,FILE_DATE,COUNTRY_CODE,NETWORK_CONFIG) values ('356188000000000','356188999999999',null,'A','SBI Cards Credit Card','900000','NFSEMV','*	       ',null,null,null,to_date('09-NOV-24','DD-MON-RR'),356,null);
2024-11-09T17:46:49.2721529Z 
2024-11-09T17:46:49.2721764Z 1 row created.
2024-11-09T17:46:49.2721820Z 
2024-11-09T17:46:49.2721961Z Elapsed: 00:00:00.00
2024-11-09T17:46:49.2722602Z SQL> Insert into istdbsp.shcextbindb (LOWBIN,HIGHBIN,O_LEVEL,STATUS,DESCRIPTION,DESTINATION,ENTITY_ID,CARDPRODUCT,NETWORK_DATA,FILE_NAME,FILE_VERSION,FILE_DATE,COUNTRY_CODE,NETWORK_CONFIG) values ('356193000000000','356193999999999',null,'A','SBI Cards Credit Card','900000','NFSEMV','*	       ',null,null,null,to_date('09-NOV-24','DD-MON-RR'),356,null);
2024-11-09T17:46:49.2732444Z 
2024-11-09T17:46:49.2732688Z 1 row created.
2024-11-09T17:46:49.2732790Z 
2024-11-09T17:46:49.2732953Z Elapsed: 00:00:00.00
2024-11-09T17:46:49.2733526Z SQL> Insert into istdbsp.shcextbindb (LOWBIN,HIGHBIN,O_LEVEL,STATUS,DESCRIPTION,DESTINATION,ENTITY_ID,CARDPRODUCT,NETWORK_DATA,FILE_NAME,FILE_VERSION,FILE_DATE,COUNTRY_CODE,NETWORK_CONFIG) values ('818005860000000','818005869999999',null,'A','Bhandara District Cooperative Bank','900000','NFSEMV','*	    ',null,null,null,to_date('09-NOV-24','DD-MON-RR'),356,null);
2024-11-09T17:46:49.2742029Z 
2024-11-09T17:46:49.2742422Z 1 row created.
2024-11-09T17:46:49.2742486Z 
2024-11-09T17:46:49.2742636Z Elapsed: 00:00:00.00
2024-11-09T17:46:49.2743089Z SQL> Insert into istdbsp.shcextbindb (LOWBIN,HIGHBIN,O_LEVEL,STATUS,DESCRIPTION,DESTINATION,ENTITY_ID,CARDPRODUCT,NETWORK_DATA,FILE_NAME,FILE_VERSION,FILE_DATE,COUNTRY_CODE,NETWORK_CONFIG) values ('356129180000000','356129189999999',null,'A','City Union Bank','900000','NFSEMV','*	 ',null,null,null,to_date('09-NOV-24','DD-MON-RR'),356,null);
2024-11-09T17:46:49.2750236Z 
2024-11-09T17:46:49.2750467Z 1 row created.
2024-11-09T17:46:49.2750531Z 
2024-11-09T17:46:49.2750668Z Elapsed: 00:00:00.00
2024-11-09T17:46:49.2751254Z SQL> Insert into istdbsp.shcextbindb (LOWBIN,HIGHBIN,O_LEVEL,STATUS,DESCRIPTION,DESTINATION,ENTITY_ID,CARDPRODUCT,NETWORK_DATA,FILE_NAME,FILE_VERSION,FILE_DATE,COUNTRY_CODE,NETWORK_CONFIG) values ('817779000000000','817779999999999',null,'A','Yeshwant Nagari Sahakari Bank','900000','NFSEMV','*	       ',null,null,null,to_date('09-NOV-24','DD-MON-RR'),356,null);
2024-11-09T17:46:49.2761596Z 
2024-11-09T17:46:49.2761973Z 1 row created.
2024-11-09T17:46:49.2762024Z 
2024-11-09T17:46:49.2762233Z Elapsed: 00:00:00.00
2024-11-09T17:46:49.2762640Z SQL> Insert into istdbsp.shcextbindb (LOWBIN,HIGHBIN,O_LEVEL,STATUS,DESCRIPTION,DESTINATION,ENTITY_ID,CARDPRODUCT,NETWORK_DATA,FILE_NAME,FILE_VERSION,FILE_DATE,COUNTRY_CODE,NETWORK_CONFIG) values ('223487000000000','223487009999999',null,'A','HDFC Bank','900000','NFSEMV','*	   ',null,null,null,to_date('09-NOV-24','DD-MON-RR'),356,null);
2024-11-09T17:46:49.2786480Z 
2024-11-09T17:46:49.2786882Z 1 row created.
2024-11-09T17:46:49.2786946Z 
2024-11-09T17:46:49.2787070Z Elapsed: 00:00:00.00
2024-11-09T17:46:49.2787648Z SQL> Insert into istdbsp.shcextbindb (LOWBIN,HIGHBIN,O_LEVEL,STATUS,DESCRIPTION,DESTINATION,ENTITY_ID,CARDPRODUCT,NETWORK_DATA,FILE_NAME,FILE_VERSION,FILE_DATE,COUNTRY_CODE,NETWORK_CONFIG) values ('223487010000000','223487019999999',null,'A','HDFC Bank','900000','NFSEMV','*	   ',null,null,null,to_date('09-NOV-24','DD-MON-RR'),356,null);
2024-11-09T17:46:49.2795368Z 
2024-11-09T17:46:49.2795701Z 1 row created.
2024-11-09T17:46:49.2795787Z 
2024-11-09T17:46:49.2795924Z Elapsed: 00:00:00.00
2024-11-09T17:46:49.2796578Z SQL> Insert into istdbsp.shcextbindb (LOWBIN,HIGHBIN,O_LEVEL,STATUS,DESCRIPTION,DESTINATION,ENTITY_ID,CARDPRODUCT,NETWORK_DATA,FILE_NAME,FILE_VERSION,FILE_DATE,COUNTRY_CODE,NETWORK_CONFIG) values ('223487020000000','223487029999999',null,'A','HDFC Bank','900000','NFSEMV','*	   ',null,null,null,to_date('09-NOV-24','DD-MON-RR'),356,null);
2024-11-09T17:46:49.2802091Z 
2024-11-09T17:46:49.2802335Z 1 row created.
2024-11-09T17:46:49.2802451Z 
2024-11-09T17:46:49.2802600Z Elapsed: 00:00:00.00
2024-11-09T17:46:49.2803456Z SQL> Insert into istdbsp.shcextbindb (LOWBIN,HIGHBIN,O_LEVEL,STATUS,DESCRIPTION,DESTINATION,ENTITY_ID,CARDPRODUCT,NETWORK_DATA,FILE_NAME,FILE_VERSION,FILE_DATE,COUNTRY_CODE,NETWORK_CONFIG) values ('223487030000000','223487039999999',null,'A','HDFC Bank','900000','NFSEMV','*	   ',null,null,null,to_date('09-NOV-24','DD-MON-RR'),356,null);
2024-11-09T17:46:49.2808789Z 
2024-11-09T17:46:49.2808994Z 1 row created.
2024-11-09T17:46:49.2809080Z 
2024-11-09T17:46:49.2809281Z Elapsed: 00:00:00.00
2024-11-09T17:46:49.2809867Z SQL> Insert into istdbsp.shcextbindb (LOWBIN,HIGHBIN,O_LEVEL,STATUS,DESCRIPTION,DESTINATION,ENTITY_ID,CARDPRODUCT,NETWORK_DATA,FILE_NAME,FILE_VERSION,FILE_DATE,COUNTRY_CODE,NETWORK_CONFIG) values ('223487040000000','223487049999999',null,'A','HDFC Bank','900000','NFSEMV','*	   ',null,null,null,to_date('09-NOV-24','DD-MON-RR'),356,null);
2024-11-09T17:46:49.2815517Z 
2024-11-09T17:46:49.2815756Z 1 row created.
2024-11-09T17:46:49.2815838Z 
2024-11-09T17:46:49.2815975Z Elapsed: 00:00:00.00
2024-11-09T17:46:49.2816877Z SQL> Insert into istdbsp.shcextbindb (LOWBIN,HIGHBIN,O_LEVEL,STATUS,DESCRIPTION,DESTINATION,ENTITY_ID,CARDPRODUCT,NETWORK_DATA,FILE_NAME,FILE_VERSION,FILE_DATE,COUNTRY_CODE,NETWORK_CONFIG) values ('223487050000000','223487059999999',null,'A','HDFC Bank','900000','NFSEMV','*	   ',null,null,null,to_date('09-NOV-24','DD-MON-RR'),356,null);
2024-11-09T17:46:49.2824319Z 
2024-11-09T17:46:49.2824563Z 1 row created.
2024-11-09T17:46:49.2824627Z 
2024-11-09T17:46:49.2824760Z Elapsed: 00:00:00.00
2024-11-09T17:46:49.2825517Z SQL> Insert into istdbsp.shcextbindb (LOWBIN,HIGHBIN,O_LEVEL,STATUS,DESCRIPTION,DESTINATION,ENTITY_ID,CARDPRODUCT,NETWORK_DATA,FILE_NAME,FILE_VERSION,FILE_DATE,COUNTRY_CODE,NETWORK_CONFIG) values ('223487060000000','223487069999999',null,'A','HDFC Bank','900000','NFSEMV','*	   ',null,null,null,to_date('09-NOV-24','DD-MON-RR'),356,null);
2024-11-09T17:46:49.2888484Z 
2024-11-09T17:46:49.2888784Z 1 row created.
2024-11-09T17:46:49.2888865Z 
2024-11-09T17:46:49.2889015Z Elapsed: 00:00:00.00
2024-11-09T17:46:49.2889511Z SQL> Insert into istdbsp.shcextbindb (LOWBIN,HIGHBIN,O_LEVEL,STATUS,DESCRIPTION,DESTINATION,ENTITY_ID,CARDPRODUCT,NETWORK_DATA,FILE_NAME,FILE_VERSION,FILE_DATE,COUNTRY_CODE,NETWORK_CONFIG) values ('223487070000000','223487079999999',null,'A','HDFC Bank','900000','NFSEMV','*	   ',null,null,null,to_date('09-NOV-24','DD-MON-RR'),356,null);
2024-11-09T17:46:49.2896662Z 
2024-11-09T17:46:49.2897072Z 1 row created.
2024-11-09T17:46:49.2897154Z 
2024-11-09T17:46:49.2897299Z Elapsed: 00:00:00.00
2024-11-09T17:46:49.2897744Z SQL> Insert into istdbsp.shcextbindb (LOWBIN,HIGHBIN,O_LEVEL,STATUS,DESCRIPTION,DESTINATION,ENTITY_ID,CARDPRODUCT,NETWORK_DATA,FILE_NAME,FILE_VERSION,FILE_DATE,COUNTRY_CODE,NETWORK_CONFIG) values ('223487080000000','223487089999999',null,'A','HDFC Bank','900000','NFSEMV','*	   ',null,null,null,to_date('09-NOV-24','DD-MON-RR'),356,null);
2024-11-09T17:46:49.2924001Z 
2024-11-09T17:46:49.2925485Z 1 row created.
2024-11-09T17:46:49.2925541Z 
2024-11-09T17:46:49.2925677Z Elapsed: 00:00:00.00
2024-11-09T17:46:49.2925814Z SQL> commit;
2024-11-09T17:46:49.2946105Z 
2024-11-09T17:46:49.2946562Z Commit complete.
2024-11-09T17:46:49.2946656Z 
2024-11-09T17:46:49.2946793Z Elapsed: 00:00:00.00
2024-11-09T17:46:49.2946934Z SQL> 
2024-11-09T17:46:49.2949843Z SQL> set timing off
2024-11-09T17:46:49.2949988Z SQL> spool off
2024-11-09T17:46:49.2982708Z SQL> exit
2024-11-09T17:46:49.3000184Z Disconnected from Oracle Database 19c Enterprise Edition Release 19.0.0.0.0 - Production
2024-11-09T17:46:49.3000406Z Version 19.24.0.0.0
2024-11-09T17:46:50.1684469Z 0
2024-11-09T17:46:50.1701701Z ok
2024-11-09T17:46:50.2443564Z ##[section]Finishing: Deployment
2024-10-14T11:58:19.9864607Z SQL> update fm.FM_NOP_IRSCIRS_DEALS_BKP set AMOUNT_L1 =534721125.849274, AMOUNT_L2 =-7445027.07723471 where deal_id	=5275953 and as_of_date = '11-Oct-2024';
2024-10-14T11:58:21.6041315Z 
2024-10-14T11:58:21.6042072Z 1 row updated.
2024-10-14T11:58:21.6042196Z 
2024-10-14T11:58:21.6042367Z Elapsed: 00:00:01.61
2024-10-14T11:58:21.6042658Z SQL> update fm.FM_NOP_IRSCIRS_DEALS_BKP set AMOUNT_L1 =7445027.07723471, AMOUNT_L2 =-534721125.849274 where deal_id	=5277578 and as_of_date = '11-Oct-2024';
2024-10-14T11:58:21.7113130Z 
2024-10-14T11:58:21.7113643Z 1 row updated.
2024-10-14T11:58:21.7113750Z 
2024-10-14T11:58:21.7113913Z Elapsed: 00:00:00.10
2024-10-14T11:58:21.7114203Z SQL> update fm.FM_NOP_IRSCIRS_DEALS_BKP set AMOUNT_L1 =71062006.3680485, AMOUNT_L2 =-985045.61984444 where deal_id  =17122632 and as_of_date = '11-Oct-2024';
2024-10-14T11:58:21.8267410Z 
2024-10-14T11:58:21.8268488Z 1 row updated.
2024-10-14T11:58:21.8268633Z 
2024-10-14T11:58:21.8268826Z Elapsed: 00:00:00.11
2024-10-14T11:58:21.8269100Z SQL> update fm.FM_NOP_IRSCIRS_DEALS_BKP set AMOUNT_L1 =985045.61051456, AMOUNT_L2 =-71062005.3978546 where deal_id  =17124120 and as_of_date = '11-Oct-2024';
2024-10-14T11:58:21.9257062Z 
2024-10-14T11:58:21.9257674Z 1 row updated.
2024-10-14T11:58:21.9257802Z 
2024-10-14T11:58:21.9258012Z Elapsed: 00:00:00.09
2024-10-14T11:58:21.9258388Z SQL> update fm.FM_NOP_IRSCIRS_DEALS_BKP set AMOUNT_L1 =82640961.3092934, AMOUNT_L2 =-1040604.38425074 where deal_id	=17228580 and as_of_date = '11-Oct-2024';
2024-10-14T11:58:22.0240037Z 
2024-10-14T11:58:22.0240764Z 1 row updated.
2024-10-14T11:58:22.0240935Z 
2024-10-14T11:58:22.0241230Z Elapsed: 00:00:00.09
2024-10-14T11:58:22.0241748Z SQL> update fm.FM_NOP_IRSCIRS_DEALS_BKP set AMOUNT_L1 =1040604.38425074, AMOUNT_L2 =-82640961.3092934 where deal_id	=17228908 and as_of_date = '11-Oct-2024';
2024-10-14T11:58:22.1204315Z 
2024-10-14T11:58:22.1204880Z 1 row updated.
2024-10-14T11:58:22.1204944Z 
2024-10-14T11:58:22.1205123Z Elapsed: 00:00:00.09
2024-10-14T11:58:22.1205410Z SQL> update fm.FM_NOP_IRSCIRS_DEALS_BKP set AMOUNT_L1 =2474785.14681166, AMOUNT_L2 =-30902.67164903 where deal_id  =17755682 and as_of_date = '11-Oct-2024';
2024-10-14T11:58:22.2212639Z 
2024-10-14T11:58:22.2213905Z 1 row updated.
2024-10-14T11:58:22.2214012Z 
2024-10-14T11:58:22.2214200Z Elapsed: 00:00:00.10
2024-10-14T11:58:22.2214491Z SQL> update fm.FM_NOP_IRSCIRS_DEALS_BKP set AMOUNT_L1 =30902.67164903, AMOUNT_L2 =-2474785.14681166 where deal_id  =17756257 and as_of_date = '11-Oct-2024';
2024-10-14T11:58:22.3259704Z 
2024-10-14T11:58:22.3260572Z 1 row updated.
2024-10-14T11:58:22.3260636Z 
2024-10-14T11:58:22.3260811Z Elapsed: 00:00:00.10
2024-10-14T11:58:22.3261089Z SQL> update fm.FM_NOP_IRSCIRS_DEALS_BKP set AMOUNT_L1 =2598128.75199483, AMOUNT_L2 =-32288.64402576 where deal_id  =18222103 and as_of_date = '11-Oct-2024';
2024-10-14T11:58:22.4289117Z 
2024-10-14T11:58:22.4289656Z 1 row updated.
2024-10-14T11:58:22.4289724Z 
2024-10-14T11:58:22.4289904Z Elapsed: 00:00:00.10
2024-10-14T11:58:22.4290195Z SQL> update fm.FM_NOP_IRSCIRS_DEALS_BKP set AMOUNT_L1 =32288.64402576, AMOUNT_L2 =-2598128.75199483 where deal_id  =18222263 and as_of_date = '11-Oct-2024';
2024-10-14T11:58:22.5427192Z 
2024-10-14T11:58:22.5427894Z 1 row updated.
2024-10-14T11:58:22.5427962Z 
2024-10-14T11:58:22.5428138Z Elapsed: 00:00:00.11
2024-10-14T11:58:22.5428411Z SQL> update fm.FM_NOP_IRSCIRS_DEALS_BKP set AMOUNT_L1 =2658334.31819516, AMOUNT_L2 =-33140.62885473 where deal_id  =18915893 and as_of_date = '11-Oct-2024';
2024-10-14T11:58:22.6448801Z 
2024-10-14T11:58:22.6449374Z 1 row updated.
2024-10-14T11:58:22.6449447Z 
2024-10-14T11:58:22.6449626Z Elapsed: 00:00:00.10
2024-10-14T11:58:22.6449896Z SQL> update fm.FM_NOP_IRSCIRS_DEALS_BKP set AMOUNT_L1 =33140.62885473, AMOUNT_L2 =-2658328.86092086 where deal_id  =18916398 and as_of_date = '11-Oct-2024';
2024-10-14T11:58:22.7443551Z 
2024-10-14T11:58:22.7444112Z 1 row updated.
2024-10-14T11:58:22.7444180Z 
2024-10-14T11:58:22.7444360Z Elapsed: 00:00:00.10
2024-10-14T11:58:22.7444633Z SQL> update fm.FM_NOP_IRSCIRS_DEALS_BKP set AMOUNT_L1 =13754675.2168811, AMOUNT_L2 =-164001.1651205 where deal_id  =19470438 and as_of_date = '11-Oct-2024';
2024-10-14T11:58:22.8573480Z 
2024-10-14T11:58:22.8574378Z 1 row updated.
2024-10-14T11:58:22.8574493Z 
2024-10-14T11:58:22.8574669Z Elapsed: 00:00:00.11
2024-10-14T11:58:22.8574938Z SQL> update fm.FM_NOP_IRSCIRS_DEALS_BKP set AMOUNT_L1 =164001.1651205, AMOUNT_L2 =-13754675.2168811 where deal_id  =19470518 and as_of_date = '11-Oct-2024';
2024-10-14T11:58:22.9631642Z 
2024-10-14T11:58:22.9632789Z 1 row updated.
2024-10-14T11:58:22.9633007Z 
2024-10-14T11:58:22.9633404Z Elapsed: 00:00:00.10
2024-10-14T11:58:22.9634149Z SQL> update fm.FM_NOP_IRSCIRS_DEALS_BKP set AMOUNT_L1 =89538.21936404, AMOUNT_L2 =-7615023.14622052 where deal_id  =20153366 and as_of_date = '11-Oct-2024';
2024-10-14T11:58:23.0636215Z 
2024-10-14T11:58:23.0636827Z 1 row updated.
2024-10-14T11:58:23.0636895Z 
2024-10-14T11:58:23.0637088Z Elapsed: 00:00:00.10
2024-10-14T11:58:23.0637383Z SQL> update fm.FM_NOP_IRSCIRS_DEALS_BKP set AMOUNT_L1 =7615023.14622052, AMOUNT_L2 =-89538.21936404 where deal_id  =20153412 and as_of_date = '11-Oct-2024';
2024-10-14T11:58:23.1573853Z 
2024-10-14T11:58:23.1574575Z 1 row updated.
2024-10-14T11:58:23.1574648Z 
2024-10-14T11:58:23.1574832Z Elapsed: 00:00:00.09
2024-10-14T11:58:23.1575123Z SQL> update fm.FM_NOP_IRSCIRS_DEALS_BKP set AMOUNT_L1 =9587041.10230216, AMOUNT_L2 =-111540.85232678 where deal_id  =20403854 and as_of_date = '11-Oct-2024';
2024-10-14T11:58:23.2567580Z 
2024-10-14T11:58:23.2568760Z 1 row updated.
2024-10-14T11:58:23.2568837Z 
2024-10-14T11:58:23.2569025Z Elapsed: 00:00:00.09
2024-10-14T11:58:23.2569307Z SQL> update fm.FM_NOP_IRSCIRS_DEALS_BKP set AMOUNT_L1 =111540.85232678, AMOUNT_L2 =-9587041.10230216 where deal_id  =20403867 and as_of_date = '11-Oct-2024';
2024-10-14T11:58:23.3633659Z 
2024-10-14T11:58:23.3634467Z 1 row updated.
2024-10-14T11:58:23.3634625Z 
2024-10-14T11:58:23.3635014Z Elapsed: 00:00:00.10
2024-10-14T11:58:23.3635767Z SQL> update fm.FM_NOP_IRSCIRS_DEALS_BKP set AMOUNT_L1 =6235008.16648189, AMOUNT_L2 =-69908.13346941 where deal_id  =20927000 and as_of_date = '11-Oct-2024';
2024-10-14T11:58:23.4633045Z 
2024-10-14T11:58:23.4633601Z 1 row updated.
2024-10-14T11:58:23.4633673Z 
2024-10-14T11:58:23.4633857Z Elapsed: 00:00:00.10
2024-10-14T11:58:23.4634148Z SQL> update fm.FM_NOP_IRSCIRS_DEALS_BKP set AMOUNT_L1 =69908.13346941, AMOUNT_L2 =-6235008.16648189 where deal_id  =20927037 and as_of_date = '11-Oct-2024';
2024-10-14T11:58:23.5579722Z 
2024-10-14T11:58:23.5580342Z 1 row updated.
2024-10-14T11:58:23.5580501Z 
2024-10-14T11:58:23.5580950Z Elapsed: 00:00:00.09
2024-10-14T11:58:23.5581454Z SQL> update fm.FM_NOP_IRSCIRS_DEALS_BKP set AMOUNT_L1 =26175706.7768708, AMOUNT_L2 =-293965.02430287 where deal_id  =20931179 and as_of_date = '11-Oct-2024';
2024-10-14T11:58:23.6536315Z 
2024-10-14T11:58:23.6537050Z 1 row updated.
2024-10-14T11:58:23.6537174Z 
2024-10-14T11:58:23.6537508Z Elapsed: 00:00:00.09
2024-10-14T11:58:23.6538077Z SQL> update fm.FM_NOP_IRSCIRS_DEALS_BKP set AMOUNT_L1 =293964.98610611, AMOUNT_L2 =-26175703.6374566 where deal_id  =20932037 and as_of_date = '11-Oct-2024';
2024-10-14T11:58:23.7727111Z 
2024-10-14T11:58:23.7728129Z 1 row updated.
2024-10-14T11:58:23.7728248Z 
2024-10-14T11:58:23.7728655Z Elapsed: 00:00:00.11
2024-10-14T11:58:23.7728988Z SQL> update fm.FM_NOP_IRSCIRS_DEALS_BKP set AMOUNT_L1 =12104228.8126886, AMOUNT_L2 =-136224.82053406 where deal_id  =21093899 and as_of_date = '11-Oct-2024';
2024-10-14T11:58:23.8801710Z 
2024-10-14T11:58:23.8802386Z 1 row updated.
2024-10-14T11:58:23.8802454Z 
2024-10-14T11:58:23.8802638Z Elapsed: 00:00:00.10
2024-10-14T11:58:23.8802912Z SQL> update fm.FM_NOP_IRSCIRS_DEALS_BKP set AMOUNT_L1 =136224.82053406, AMOUNT_L2 =-12104228.8126886 where deal_id  =21093952 and as_of_date = '11-Oct-2024';
2024-10-14T11:58:23.9899343Z 
2024-10-14T11:58:23.9899895Z 1 row updated.
2024-10-14T11:58:23.9899968Z 
2024-10-14T11:58:23.9900139Z Elapsed: 00:00:00.10
2024-10-14T11:58:23.9900412Z SQL> update fm.FM_NOP_IRSCIRS_DEALS_BKP set AMOUNT_L1 =14172288.001096, AMOUNT_L2 =-162096.20677241 where deal_id  =21306823 and as_of_date = '11-Oct-2024';
2024-10-14T11:58:24.0896000Z 
2024-10-14T11:58:24.0896526Z 1 row updated.
2024-10-14T11:58:24.0896642Z 
2024-10-14T11:58:24.0896804Z Elapsed: 00:00:00.10
2024-10-14T11:58:24.0897091Z SQL> update fm.FM_NOP_IRSCIRS_DEALS_BKP set AMOUNT_L1 =162096.20677241, AMOUNT_L2 =-14172288.001096 where deal_id  =21306884 and as_of_date = '11-Oct-2024';
2024-10-14T11:58:24.1901246Z 
2024-10-14T11:58:24.1902182Z 1 row updated.
2024-10-14T11:58:24.1902293Z 
2024-10-14T11:58:24.1902477Z Elapsed: 00:00:00.10
2024-10-14T11:58:24.1902760Z SQL> update fm.FM_NOP_IRSCIRS_DEALS_BKP set AMOUNT_L1 =11229279.5371481, AMOUNT_L2 =-126529.31808859 where deal_id  =24484542 and as_of_date = '11-Oct-2024';
2024-10-14T11:58:24.2973069Z 
2024-10-14T11:58:24.2973753Z 1 row updated.
2024-10-14T11:58:24.2973860Z 
2024-10-14T11:58:24.2974052Z Elapsed: 00:00:00.10
2024-10-14T11:58:24.2974330Z SQL> update fm.FM_NOP_IRSCIRS_DEALS_BKP set AMOUNT_L1 =126529.31808859, AMOUNT_L2 =-11229279.5371481 where deal_id  =24484616 and as_of_date = '11-Oct-2024';
2024-10-14T11:58:24.4051790Z 
2024-10-14T11:58:24.4052492Z 1 row updated.
2024-10-14T11:58:24.4052616Z 
2024-10-14T11:58:24.4052924Z Elapsed: 00:00:00.10
2024-10-14T11:58:24.4053475Z SQL> update fm.FM_NOP_IRSCIRS_DEALS_BKP set AMOUNT_L1 =37358711.6469134, AMOUNT_L2 =-416750.92451051 where deal_id  =24484750 and as_of_date = '11-Oct-2024';
2024-10-14T11:58:24.5088556Z 
2024-10-14T11:58:24.5089300Z 1 row updated.
2024-10-14T11:58:24.5089368Z 
2024-10-14T11:58:24.5089548Z Elapsed: 00:00:00.10
2024-10-14T11:58:24.5089826Z SQL> update fm.FM_NOP_IRSCIRS_DEALS_BKP set AMOUNT_L1 =416750.92451051, AMOUNT_L2 =-37358711.6469134 where deal_id  =24484994 and as_of_date = '11-Oct-2024';
2024-10-14T11:58:24.6137703Z 
2024-10-14T11:58:24.6138747Z 1 row updated.
2024-10-14T11:58:24.6138982Z 
2024-10-14T11:58:24.6139290Z Elapsed: 00:00:00.10
2024-10-14T11:58:24.6139889Z SQL> update fm.FM_NOP_IRSCIRS_DEALS_BKP set AMOUNT_L1 =49423738.2164233, AMOUNT_L2 =-558073.23042003 where deal_id  =24893191 and as_of_date = '11-Oct-2024';
2024-10-14T11:58:24.7195797Z 
2024-10-14T11:58:24.7196588Z 1 row updated.
2024-10-14T11:58:24.7196716Z 
2024-10-14T11:58:24.7197029Z Elapsed: 00:00:00.10
2024-10-14T11:58:24.7197533Z SQL> update fm.FM_NOP_IRSCIRS_DEALS_BKP set AMOUNT_L1 =558073.23042003, AMOUNT_L2 =-49423738.2164233 where deal_id  =24893219 and as_of_date = '11-Oct-2024';
2024-10-14T11:58:24.8266132Z 
2024-10-14T11:58:24.8266722Z 1 row updated.
2024-10-14T11:58:24.8266790Z 
2024-10-14T11:58:24.8266966Z Elapsed: 00:00:00.10
2024-10-14T11:58:24.8267641Z SQL> update fm.FM_NOP_IRSCIRS_DEALS_BKP set AMOUNT_L1 =167516470.868119, AMOUNT_L2 =-2211782.73439421 where deal_id	=25211247 and as_of_date = '11-Oct-2024';
2024-10-14T11:58:24.9379594Z 
2024-10-14T11:58:24.9380154Z 1 row updated.
2024-10-14T11:58:24.9380227Z 
2024-10-14T11:58:24.9380402Z Elapsed: 00:00:00.11
2024-10-14T11:58:24.9381022Z SQL> update fm.FM_NOP_IRSCIRS_DEALS_BKP set AMOUNT_L1 =2211782.73439421, AMOUNT_L2 =-167516470.868119 where deal_id	=25211423 and as_of_date = '11-Oct-2024';
2024-10-14T11:58:25.0501747Z 
2024-10-14T11:58:25.0502525Z 1 row updated.
2024-10-14T11:58:25.0502649Z 
2024-10-14T11:58:25.0502940Z Elapsed: 00:00:00.11
2024-10-14T11:58:25.0503556Z SQL> update fm.FM_NOP_IRSCIRS_DEALS_BKP set AMOUNT_L1 =3331429682.98841, AMOUNT_L2 =-37075723.1429952 where deal_id	=25360708 and as_of_date = '11-Oct-2024';
2024-10-14T11:58:25.1632245Z 
2024-10-14T11:58:25.1633429Z 1 row updated.
2024-10-14T11:58:25.1633626Z 
2024-10-14T11:58:25.1633985Z Elapsed: 00:00:00.11
2024-10-14T11:58:25.1634678Z SQL> update fm.FM_NOP_IRSCIRS_DEALS_BKP set AMOUNT_L1 =37075723.1429952, AMOUNT_L2 =-3331429682.98841 where deal_id	=25362865 and as_of_date = '11-Oct-2024';
2024-10-14T11:58:25.2743055Z 
2024-10-14T11:58:25.2743765Z 1 row updated.
2024-10-14T11:58:25.2743898Z 
2024-10-14T11:58:25.2744270Z Elapsed: 00:00:00.11
2024-10-14T11:58:25.2745010Z SQL> update fm.FM_NOP_IRSCIRS_DEALS_BKP set AMOUNT_L1 =2614636016.73335, AMOUNT_L2 =-28477814.3783279 where deal_id	=25665573 and as_of_date = '11-Oct-2024';
2024-10-14T11:58:25.3806752Z 
2024-10-14T11:58:25.3808809Z 1 row updated.
2024-10-14T11:58:25.3809070Z 
2024-10-14T11:58:25.3809412Z Elapsed: 00:00:00.10
2024-10-14T11:58:25.3809802Z SQL> update fm.FM_NOP_IRSCIRS_DEALS_BKP set AMOUNT_L1 =28477814.3783279, AMOUNT_L2 =-2614636016.73335 where deal_id	=25665671 and as_of_date = '11-Oct-2024';
2024-10-14T11:58:25.4886581Z 
2024-10-14T11:58:25.4887089Z 1 row updated.
2024-10-14T11:58:25.4887795Z 
2024-10-14T11:58:25.4888000Z Elapsed: 00:00:00.10
2024-10-14T11:58:25.4888475Z SQL> update fm.FM_NOP_IRSCIRS_DEALS_BKP set AMOUNT_L1 =391133620.680185, AMOUNT_L2 =-5035415.51588427 where deal_id	=25735912 and as_of_date = '11-Oct-2024';
2024-10-14T11:58:25.6024243Z 
2024-10-14T11:58:25.6024786Z 1 row updated.
2024-10-14T11:58:25.6024854Z 
2024-10-14T11:58:25.6025034Z Elapsed: 00:00:00.11
2024-10-14T11:58:25.6025333Z SQL> update fm.FM_NOP_IRSCIRS_DEALS_BKP set AMOUNT_L1 =5035415.51588427, AMOUNT_L2 =-391133620.680185 where deal_id	=25736337 and as_of_date = '11-Oct-2024';
2024-10-14T11:58:25.7104267Z 
2024-10-14T11:58:25.7105122Z 1 row updated.
2024-10-14T11:58:25.7105255Z 
2024-10-14T11:58:25.7105567Z Elapsed: 00:00:00.10
2024-10-14T11:58:25.7106106Z SQL> update fm.FM_NOP_IRSCIRS_DEALS_BKP set AMOUNT_L1 =54686442.9003661, AMOUNT_L2 =-626489.88868545 where deal_id  =25848662 and as_of_date = '11-Oct-2024';
2024-10-14T11:58:25.8165480Z 
2024-10-14T11:58:25.8166400Z 1 row updated.
2024-10-14T11:58:25.8166571Z 
2024-10-14T11:58:25.8166733Z Elapsed: 00:00:00.10
2024-10-14T11:58:25.8167020Z SQL> update fm.FM_NOP_IRSCIRS_DEALS_BKP set AMOUNT_L1 =626489.88868545, AMOUNT_L2 =-54686442.9003661 where deal_id  =25848794 and as_of_date = '11-Oct-2024';
2024-10-14T11:58:25.9121455Z 
2024-10-14T11:58:25.9122571Z 1 row updated.
2024-10-14T11:58:25.9122879Z 
2024-10-14T11:58:25.9123426Z Elapsed: 00:00:00.09
2024-10-14T11:58:25.9123738Z SQL> update fm.FM_NOP_IRSCIRS_DEALS_BKP set AMOUNT_L1 =17662648.5828245, AMOUNT_L2 =-203275.7025481 where deal_id  =25880747 and as_of_date = '11-Oct-2024';
2024-10-14T11:58:26.0062172Z 
2024-10-14T11:58:26.0062968Z 1 row updated.
2024-10-14T11:58:26.0063036Z 
2024-10-14T11:58:26.0063224Z Elapsed: 00:00:00.09
2024-10-14T11:58:26.0063507Z SQL> update fm.FM_NOP_IRSCIRS_DEALS_BKP set AMOUNT_L1 =203275.7025481, AMOUNT_L2 =-17662648.5828245 where deal_id  =25880860 and as_of_date = '11-Oct-2024';
2024-10-14T11:58:26.0995527Z 
2024-10-14T11:58:26.0996284Z 1 row updated.
2024-10-14T11:58:26.0996416Z 
2024-10-14T11:58:26.0996737Z Elapsed: 00:00:00.09
2024-10-14T11:58:26.0997297Z SQL> update fm.FM_NOP_IRSCIRS_DEALS_BKP set AMOUNT_L1 =-40980531.7977969, AMOUNT_L2 =475133.7346501 where deal_id  =26953179 and as_of_date = '11-Oct-2024';
2024-10-14T11:58:26.2020673Z 
2024-10-14T11:58:26.2021456Z 1 row updated.
2024-10-14T11:58:26.2021589Z 
2024-10-14T11:58:26.2023047Z Elapsed: 00:00:00.10
2024-10-14T11:58:26.2023642Z SQL> update fm.FM_NOP_IRSCIRS_DEALS_BKP set AMOUNT_L1 =40980531.7977969, AMOUNT_L2 =-475133.7346501 where deal_id  =26955555 and as_of_date = '11-Oct-2024';
2024-10-14T11:58:26.3077807Z 
2024-10-14T11:58:26.3078979Z 1 row updated.
2024-10-14T11:58:26.3079171Z 
2024-10-14T11:58:26.3079531Z Elapsed: 00:00:00.10
2024-10-14T11:58:26.3080108Z SQL> update fm.FM_NOP_IRSCIRS_DEALS_BKP set AMOUNT_L1 =-432369023.522793, AMOUNT_L2 =5609625.70372971 where deal_id	=27389039 and as_of_date = '11-Oct-2024';
2024-10-14T11:58:26.4091608Z 
2024-10-14T11:58:26.4092271Z 1 row updated.
2024-10-14T11:58:26.4092335Z 
2024-10-14T11:58:26.4092523Z Elapsed: 00:00:00.10
2024-10-14T11:58:26.4092810Z SQL> update fm.FM_NOP_IRSCIRS_DEALS_BKP set AMOUNT_L1 =432369023.522793, AMOUNT_L2 =-5609625.70372971 where deal_id	=27390394 and as_of_date = '11-Oct-2024';
2024-10-14T11:58:26.5276421Z 
2024-10-14T11:58:26.5276968Z 1 row updated.
2024-10-14T11:58:26.5277037Z 
2024-10-14T11:58:26.5277233Z Elapsed: 00:00:00.11
2024-10-14T11:58:26.5277529Z SQL> update fm.FM_NOP_IRSCIRS_DEALS_BKP set AMOUNT_L1 =8150817.49837498, AMOUNT_L2 =-657992555.313864 where deal_id	=29108553 and as_of_date = '11-Oct-2024';
2024-10-14T11:58:26.6311074Z 
2024-10-14T11:58:26.6311856Z 1 row updated.
2024-10-14T11:58:26.6312010Z 
2024-10-14T11:58:26.6312382Z Elapsed: 00:00:00.10
2024-10-14T11:58:26.6313071Z SQL> update fm.FM_NOP_IRSCIRS_DEALS_BKP set AMOUNT_L1 =-8150817.49837498, AMOUNT_L2 =657992555.313864 where deal_id	=29108772 and as_of_date = '11-Oct-2024';
2024-10-14T11:58:26.7377470Z 
2024-10-14T11:58:26.7378000Z 1 row updated.
2024-10-14T11:58:26.7378073Z 
2024-10-14T11:58:26.7378248Z Elapsed: 00:00:00.10
2024-10-14T11:58:26.7378535Z SQL> update fm.FM_NOP_IRSCIRS_DEALS_BKP set AMOUNT_L1 =-421236729.336707, AMOUNT_L2 =5127630.38773319 where deal_id	=29367684 and as_of_date = '11-Oct-2024';
2024-10-14T11:58:26.8336849Z 
2024-10-14T11:58:26.8337388Z 1 row updated.
2024-10-14T11:58:26.8337478Z 
2024-10-14T11:58:26.8337658Z Elapsed: 00:00:00.09
2024-10-14T11:58:26.8338060Z SQL> update fm.FM_NOP_IRSCIRS_DEALS_BKP set AMOUNT_L1 =-585671.17869969, AMOUNT_L2 =573074.95764016 where deal_id  =29367831 and as_of_date = '11-Oct-2024';
2024-10-14T11:58:26.9427444Z 
2024-10-14T11:58:26.9428111Z 1 row updated.
2024-10-14T11:58:26.9428214Z 
2024-10-14T11:58:26.9428483Z Elapsed: 00:00:00.10
2024-10-14T11:58:26.9428936Z SQL> update fm.FM_NOP_IRSCIRS_DEALS_BKP set AMOUNT_L1 =421236729.336707, AMOUNT_L2 =-5127630.38773319 where deal_id	=29367988 and as_of_date = '11-Oct-2024';
2024-10-14T11:58:27.0464864Z 
2024-10-14T11:58:27.0465531Z 1 row updated.
2024-10-14T11:58:27.0465604Z 
2024-10-14T11:58:27.0465788Z Elapsed: 00:00:00.10
2024-10-14T11:58:27.0466331Z SQL> update fm.FM_NOP_IRSCIRS_DEALS_BKP set AMOUNT_L1 =585671.17869969, AMOUNT_L2 =-573074.95764016 where deal_id  =29368835 and as_of_date = '11-Oct-2024';
2024-10-14T11:58:27.1448592Z 
2024-10-14T11:58:27.1449790Z 1 row updated.
2024-10-14T11:58:27.1449999Z 
2024-10-14T11:58:27.1450384Z Elapsed: 00:00:00.09
2024-10-14T11:58:27.1451017Z SQL> update fm.FM_NOP_IRSCIRS_DEALS_BKP set AMOUNT_L1 =-191188406.615224, AMOUNT_L2 =2369545.11320797 where deal_id	=29401880 and as_of_date = '11-Oct-2024';
2024-10-14T11:58:27.2386061Z 
2024-10-14T11:58:27.2387071Z 1 row updated.
2024-10-14T11:58:27.2387182Z 
2024-10-14T11:58:27.2387366Z Elapsed: 00:00:00.09
2024-10-14T11:58:27.2387990Z SQL> update fm.FM_NOP_IRSCIRS_DEALS_BKP set AMOUNT_L1 =191188406.615224, AMOUNT_L2 =-2369545.11320797 where deal_id	=29403764 and as_of_date = '11-Oct-2024';
2024-10-14T11:58:27.3559627Z 
2024-10-14T11:58:27.3560187Z 1 row updated.
2024-10-14T11:58:27.3560251Z 
2024-10-14T11:58:27.3560426Z Elapsed: 00:00:00.11
2024-10-14T11:58:27.3560717Z SQL> update fm.FM_NOP_IRSCIRS_DEALS_BKP set AMOUNT_L1 =-9923750.08527084, AMOUNT_L2 =815521531.813875 where deal_id	=30025850 and as_of_date = '11-Oct-2024';
2024-10-14T11:58:27.4571800Z 
2024-10-14T11:58:27.4572369Z 1 row updated.
2024-10-14T11:58:27.4572745Z 
2024-10-14T11:58:27.4572929Z Elapsed: 00:00:00.10
2024-10-14T11:58:27.4573729Z SQL> update fm.FM_NOP_IRSCIRS_DEALS_BKP set AMOUNT_L1 =9923750.08527084, AMOUNT_L2 =-815521531.813875 where deal_id	=30029255 and as_of_date = '11-Oct-2024';
2024-10-14T11:58:27.5764436Z 
2024-10-14T11:58:27.5765591Z 1 row updated.
2024-10-14T11:58:27.5765796Z 
2024-10-14T11:58:27.5766160Z Elapsed: 00:00:00.11
2024-10-14T11:58:27.5766464Z SQL> update fm.FM_NOP_IRSCIRS_DEALS_BKP set AMOUNT_L1 =381149.71873568, AMOUNT_L2 =-367560.22733501 where deal_id  =30032995 and as_of_date = '11-Oct-2024';
2024-10-14T11:58:27.6717682Z 
2024-10-14T11:58:27.6718602Z 1 row updated.
2024-10-14T11:58:27.6718722Z 
2024-10-14T11:58:27.6718953Z Elapsed: 00:00:00.09
2024-10-14T11:58:27.6719239Z SQL> update fm.FM_NOP_IRSCIRS_DEALS_BKP set AMOUNT_L1 =-381149.71873568, AMOUNT_L2 =367560.22733501 where deal_id  =30033439 and as_of_date = '11-Oct-2024';
2024-10-14T11:58:27.7774032Z 
2024-10-14T11:58:27.7775059Z 1 row updated.
2024-10-14T11:58:27.7775195Z 
2024-10-14T11:58:27.7775379Z Elapsed: 00:00:00.10
2024-10-14T11:58:27.7775670Z SQL> update fm.FM_NOP_IRSCIRS_DEALS_BKP set AMOUNT_L1 =-3200462.19921212, AMOUNT_L2 =263781998.437794 where deal_id	=30086163 and as_of_date = '11-Oct-2024';
2024-10-14T11:58:27.8892764Z 
2024-10-14T11:58:27.8893568Z 1 row updated.
2024-10-14T11:58:27.8893636Z 
2024-10-14T11:58:27.8893812Z Elapsed: 00:00:00.11
2024-10-14T11:58:27.8894124Z SQL> update fm.FM_NOP_IRSCIRS_DEALS_BKP set AMOUNT_L1 =3200462.19921212, AMOUNT_L2 =-263781998.437794 where deal_id	=30088344 and as_of_date = '11-Oct-2024';
2024-10-14T11:58:27.9907636Z 
2024-10-14T11:58:27.9908504Z 1 row updated.
2024-10-14T11:58:27.9908602Z 
2024-10-14T11:58:27.9909176Z Elapsed: 00:00:00.10
2024-10-14T11:58:27.9909543Z SQL> update fm.FM_NOP_IRSCIRS_DEALS_BKP set AMOUNT_L1 =263626453.024709, AMOUNT_L2 =-3183175.25915482 where deal_id	=30736050 and as_of_date = '11-Oct-2024';
2024-10-14T11:58:28.1004256Z 
2024-10-14T11:58:28.1005017Z 1 row updated.
2024-10-14T11:58:28.1005124Z 
2024-10-14T11:58:28.1005406Z Elapsed: 00:00:00.11
2024-10-14T11:58:28.1005872Z SQL> update fm.FM_NOP_IRSCIRS_DEALS_BKP set AMOUNT_L1 =-263626453.024709, AMOUNT_L2 =3183175.25915482 where deal_id	=30736904 and as_of_date = '11-Oct-2024';
2024-10-14T11:58:28.2071645Z 
2024-10-14T11:58:28.2072581Z 1 row updated.
2024-10-14T11:58:28.2072692Z 
2024-10-14T11:58:28.2072906Z Elapsed: 00:00:00.10
2024-10-14T11:58:28.2073197Z SQL> update fm.FM_NOP_IRSCIRS_DEALS_BKP set AMOUNT_L1 =-408626.78395483, AMOUNT_L2 =347336.75922634 where deal_id  =31201279 and as_of_date = '11-Oct-2024';
2024-10-14T11:58:28.3104184Z 
2024-10-14T11:58:28.3104984Z 1 row updated.
2024-10-14T11:58:28.3105117Z 
2024-10-14T11:58:28.3105455Z Elapsed: 00:00:00.10
2024-10-14T11:58:28.3106062Z SQL> update fm.FM_NOP_IRSCIRS_DEALS_BKP set AMOUNT_L1 =408626.78395483, AMOUNT_L2 =-347336.75922634 where deal_id  =31201466 and as_of_date = '11-Oct-2024';
2024-10-14T11:58:28.4090247Z 
2024-10-14T11:58:28.4090940Z 1 row updated.
2024-10-14T11:58:28.4091047Z 
2024-10-14T11:58:28.4091329Z Elapsed: 00:00:00.09
2024-10-14T11:58:28.4091825Z SQL> update fm.FM_NOP_IRSCIRS_DEALS_BKP set AMOUNT_L1 =-154125.72125516, AMOUNT_L2 =4641004.08590003 where deal_id  =31277618 and as_of_date = '11-Oct-2024';
2024-10-14T11:58:28.5142337Z 
2024-10-14T11:58:28.5142880Z 1 row updated.
2024-10-14T11:58:28.5142953Z 
2024-10-14T11:58:28.5143415Z Elapsed: 00:00:00.10
2024-10-14T11:58:28.5143684Z SQL> update fm.FM_NOP_IRSCIRS_DEALS_BKP set AMOUNT_L1 =154125.72125516, AMOUNT_L2 =-4641004.08590003 where deal_id  =31278116 and as_of_date = '11-Oct-2024';
2024-10-14T11:58:28.6291041Z 
2024-10-14T11:58:28.6291960Z 1 row updated.
2024-10-14T11:58:28.6292110Z 
2024-10-14T11:58:28.6292281Z Elapsed: 00:00:00.11
2024-10-14T11:58:28.6292576Z SQL> update fm.FM_NOP_IRSCIRS_DEALS_BKP set AMOUNT_L1 =-933966.37632946, AMOUNT_L2 =98793711.7834416 where deal_id  =32079357 and as_of_date = '11-Oct-2024';
2024-10-14T11:58:28.7349208Z 
2024-10-14T11:58:28.7349991Z 1 row updated.
2024-10-14T11:58:28.7350064Z 
2024-10-14T11:58:28.7350247Z Elapsed: 00:00:00.10
2024-10-14T11:58:28.7350517Z SQL> update fm.FM_NOP_IRSCIRS_DEALS_BKP set AMOUNT_L1 =933966.37632946, AMOUNT_L2 =-98793711.7834416 where deal_id  =32079564 and as_of_date = '11-Oct-2024';
2024-10-14T11:58:28.8515772Z 
2024-10-14T11:58:28.8516747Z 1 row updated.
2024-10-14T11:58:28.8516910Z 
2024-10-14T11:58:28.8517098Z Elapsed: 00:00:00.11
2024-10-14T11:58:28.8517397Z SQL> update fm.FM_NOP_IRSCIRS_DEALS_BKP set AMOUNT_L1 =-5494490.21983083, AMOUNT_L2 =406368695.626646 where deal_id	=32409914 and as_of_date = '11-Oct-2024';
2024-10-14T11:58:28.9589502Z 
2024-10-14T11:58:28.9590080Z 1 row updated.
2024-10-14T11:58:28.9590148Z 
2024-10-14T11:58:28.9590323Z Elapsed: 00:00:00.10
2024-10-14T11:58:28.9590623Z SQL> update fm.FM_NOP_IRSCIRS_DEALS_BKP set AMOUNT_L1 =-10988980.4396616, AMOUNT_L2 =797644499.730959 where deal_id	=32409954 and as_of_date = '11-Oct-2024';
2024-10-14T11:58:29.0531296Z 
2024-10-14T11:58:29.0532177Z 1 row updated.
2024-10-14T11:58:29.0532293Z 
2024-10-14T11:58:29.0532489Z Elapsed: 00:00:00.09
2024-10-14T11:58:29.0532776Z SQL> update fm.FM_NOP_IRSCIRS_DEALS_BKP set AMOUNT_L1 =5494490.21983083, AMOUNT_L2 =-406368695.626646 where deal_id	=32409972 and as_of_date = '11-Oct-2024';
2024-10-14T11:58:29.1460246Z 
2024-10-14T11:58:29.1460965Z 1 row updated.
2024-10-14T11:58:29.1461123Z 
2024-10-14T11:58:29.1461435Z Elapsed: 00:00:00.09
2024-10-14T11:58:29.1461966Z SQL> update fm.FM_NOP_IRSCIRS_DEALS_BKP set AMOUNT_L1 =10988980.4396616, AMOUNT_L2 =-797644499.730959 where deal_id	=32410010 and as_of_date = '11-Oct-2024';
2024-10-14T11:58:29.2394025Z 
2024-10-14T11:58:29.2395162Z 1 row updated.
2024-10-14T11:58:29.2395342Z 
2024-10-14T11:58:29.2395663Z Elapsed: 00:00:00.09
2024-10-14T11:58:29.2396279Z SQL> update fm.FM_NOP_IRSCIRS_DEALS_BKP set AMOUNT_L1 =5805.71157236, AMOUNT_L2 =-43771.22340989 where deal_id	=32644486 and as_of_date = '11-Oct-2024';
2024-10-14T11:58:29.3333510Z 
2024-10-14T11:58:29.3335699Z 1 row updated.
2024-10-14T11:58:29.3335811Z 
2024-10-14T11:58:29.3335990Z Elapsed: 00:00:00.09
2024-10-14T11:58:29.3336294Z SQL> update fm.FM_NOP_IRSCIRS_DEALS_BKP set AMOUNT_L1 =10168.82158568, AMOUNT_L2 =-25874.63242358 where deal_id  =32645361 and as_of_date = '11-Oct-2024';
2024-10-14T11:58:29.4356678Z 
2024-10-14T11:58:29.4357812Z 1 row updated.
2024-10-14T11:58:29.4358013Z 
2024-10-14T11:58:29.4358350Z Elapsed: 00:00:00.10
2024-10-14T11:58:29.4358928Z SQL> update fm.FM_NOP_IRSCIRS_DEALS_BKP set AMOUNT_L1 =-10168.82158568, AMOUNT_L2 =25874.63242358 where deal_id  =32646853 and as_of_date = '11-Oct-2024';
2024-10-14T11:58:29.5337421Z 
2024-10-14T11:58:29.5338375Z 1 row updated.
2024-10-14T11:58:29.5338482Z 
2024-10-14T11:58:29.5338666Z Elapsed: 00:00:00.09
2024-10-14T11:58:29.5338944Z SQL> update fm.FM_NOP_IRSCIRS_DEALS_BKP set AMOUNT_L1 =-5805.71157236, AMOUNT_L2 =43771.22340989 where deal_id	=32646973 and as_of_date = '11-Oct-2024';
2024-10-14T11:58:29.6294907Z 
2024-10-14T11:58:29.6295481Z 1 row updated.
2024-10-14T11:58:29.6295553Z 
2024-10-14T11:58:29.6295729Z Elapsed: 00:00:00.09
2024-10-14T11:58:29.6295998Z SQL> update fm.FM_NOP_IRSCIRS_DEALS_BKP set AMOUNT_L1 =2666.81720803, AMOUNT_L2 =-5959.37867498 where deal_id  =32648112 and as_of_date = '11-Oct-2024';
2024-10-14T11:58:29.7382499Z 
2024-10-14T11:58:29.7383012Z 1 row updated.
2024-10-14T11:58:29.7383483Z 
2024-10-14T11:58:29.7383680Z Elapsed: 00:00:00.10
2024-10-14T11:58:29.7383953Z SQL> update fm.FM_NOP_IRSCIRS_DEALS_BKP set AMOUNT_L1 =342.20313249, AMOUNT_L2 =-2421.86789902 where deal_id  =32651075 and as_of_date = '11-Oct-2024';
2024-10-14T11:58:29.8390704Z 
2024-10-14T11:58:29.8391794Z 1 row updated.
2024-10-14T11:58:29.8391910Z 
2024-10-14T11:58:29.8392094Z Elapsed: 00:00:00.10
2024-10-14T11:58:29.8392359Z SQL> update fm.FM_NOP_IRSCIRS_DEALS_BKP set AMOUNT_L1 =110.96326882, AMOUNT_L2 =-847.60528351 where deal_id	=32651610 and as_of_date = '11-Oct-2024';
2024-10-14T11:58:29.9342308Z 
2024-10-14T11:58:29.9342826Z 1 row updated.
2024-10-14T11:58:29.9342933Z 
2024-10-14T11:58:29.9343117Z Elapsed: 00:00:00.09
2024-10-14T11:58:29.9343386Z SQL> update fm.FM_NOP_IRSCIRS_DEALS_BKP set AMOUNT_L1 =2109.32134093, AMOUNT_L2 =-5542.94148804 where deal_id  =32652654 and as_of_date = '11-Oct-2024';
2024-10-14T11:58:30.0457781Z 
2024-10-14T11:58:30.0458418Z 1 row updated.
2024-10-14T11:58:30.0458619Z 
2024-10-14T11:58:30.0458953Z Elapsed: 00:00:00.11
2024-10-14T11:58:30.0459735Z SQL> update fm.FM_NOP_IRSCIRS_DEALS_BKP set AMOUNT_L1 =-2666.81720803, AMOUNT_L2 =5959.37867498 where deal_id  =32658781 and as_of_date = '11-Oct-2024';
2024-10-14T11:58:30.1460323Z 
2024-10-14T11:58:30.1460857Z 1 row updated.
2024-10-14T11:58:30.1460977Z 
2024-10-14T11:58:30.1461140Z Elapsed: 00:00:00.10
2024-10-14T11:58:30.1461426Z SQL> update fm.FM_NOP_IRSCIRS_DEALS_BKP set AMOUNT_L1 =-342.20313249, AMOUNT_L2 =2421.86789902 where deal_id  =32658800 and as_of_date = '11-Oct-2024';
2024-10-14T11:58:30.2668826Z 
2024-10-14T11:58:30.2669352Z 1 row updated.
2024-10-14T11:58:30.2669438Z 
2024-10-14T11:58:30.2669596Z Elapsed: 00:00:00.12
2024-10-14T11:58:30.2669882Z SQL> update fm.FM_NOP_IRSCIRS_DEALS_BKP set AMOUNT_L1 =-110.96326882, AMOUNT_L2 =847.60528351 where deal_id	=32658890 and as_of_date = '11-Oct-2024';
2024-10-14T11:58:30.3899983Z 
2024-10-14T11:58:30.3900573Z 1 row updated.
2024-10-14T11:58:30.3900658Z 
2024-10-14T11:58:30.3900834Z Elapsed: 00:00:00.12
2024-10-14T11:58:30.3901120Z SQL> update fm.FM_NOP_IRSCIRS_DEALS_BKP set AMOUNT_L1 =-2109.32134093, AMOUNT_L2 =5542.94148804 where deal_id  =32659303 and as_of_date = '11-Oct-2024';
2024-10-14T11:58:30.5068766Z 
2024-10-14T11:58:30.5069463Z 1 row updated.
2024-10-14T11:58:30.5069578Z 
2024-10-14T11:58:30.5069741Z Elapsed: 00:00:00.11
2024-10-14T11:58:30.5070036Z SQL> update fm.FM_NOP_IRSCIRS_DEALS_BKP set AMOUNT_L1 =52281350.75953, AMOUNT_L2 =-3548782096.00429 where deal_id  =32704860 and as_of_date = '11-Oct-2024';
2024-10-14T11:58:30.6077777Z 
2024-10-14T11:58:30.6078376Z 1 row updated.
2024-10-14T11:58:30.6078513Z 
2024-10-14T11:58:30.6078851Z Elapsed: 00:00:00.10
2024-10-14T11:58:30.6079236Z SQL> update fm.FM_NOP_IRSCIRS_DEALS_BKP set AMOUNT_L1 =3548782096.00429, AMOUNT_L2 =-52281350.75953 where deal_id  =32705433 and as_of_date = '11-Oct-2024';
2024-10-14T11:58:30.7050306Z 
2024-10-14T11:58:30.7051068Z 1 row updated.
2024-10-14T11:58:30.7051209Z 
2024-10-14T11:58:30.7051521Z Elapsed: 00:00:00.09
2024-10-14T11:58:30.7052372Z SQL> update fm.FM_NOP_IRSCIRS_DEALS_BKP set AMOUNT_L1 =-5571137.68242863, AMOUNT_L2 =461552469.235913 where deal_id	=32716881 and as_of_date = '11-Oct-2024';
2024-10-14T11:58:30.8074534Z 
2024-10-14T11:58:30.8075154Z 1 row updated.
2024-10-14T11:58:30.8075235Z 
2024-10-14T11:58:30.8075428Z Elapsed: 00:00:00.10
2024-10-14T11:58:30.8075723Z SQL> update fm.FM_NOP_IRSCIRS_DEALS_BKP set AMOUNT_L1 =5571137.68242863, AMOUNT_L2 =-461552469.235913 where deal_id	=32717758 and as_of_date = '11-Oct-2024';
2024-10-14T11:58:30.9117914Z 
2024-10-14T11:58:30.9118743Z 1 row updated.
2024-10-14T11:58:30.9118944Z 
2024-10-14T11:58:30.9119321Z Elapsed: 00:00:00.10
2024-10-14T11:58:30.9119825Z SQL> update fm.FM_NOP_IRSCIRS_DEALS_BKP set AMOUNT_L1 =-310207359.528251, AMOUNT_L2 =3436162.84323309 where deal_id	=32835868 and as_of_date = '11-Oct-2024';
2024-10-14T11:58:31.0129906Z 
2024-10-14T11:58:31.0130466Z 1 row updated.
2024-10-14T11:58:31.0130894Z 
2024-10-14T11:58:31.0131052Z Elapsed: 00:00:00.10
2024-10-14T11:58:31.0131343Z SQL> update fm.FM_NOP_IRSCIRS_DEALS_BKP set AMOUNT_L1 =310207359.528251, AMOUNT_L2 =-3436162.84323309 where deal_id	=32836459 and as_of_date = '11-Oct-2024';
2024-10-14T11:58:31.1164171Z 
2024-10-14T11:58:31.1165287Z 1 row updated.
2024-10-14T11:58:31.1165463Z 
2024-10-14T11:58:31.1165775Z Elapsed: 00:00:00.10
2024-10-14T11:58:31.1166305Z SQL> update fm.FM_NOP_IRSCIRS_DEALS_BKP set AMOUNT_L1 =473320928.841297, AMOUNT_L2 =-5775390.66689582 where deal_id	=33037727 and as_of_date = '11-Oct-2024';
2024-10-14T11:58:31.2188441Z 
2024-10-14T11:58:31.2189438Z 1 row updated.
2024-10-14T11:58:31.2189553Z 
2024-10-14T11:58:31.2189771Z Elapsed: 00:00:00.10
2024-10-14T11:58:31.2190062Z SQL> update fm.FM_NOP_IRSCIRS_DEALS_BKP set AMOUNT_L1 =-473320928.841297, AMOUNT_L2 =5775390.66689582 where deal_id	=33038878 and as_of_date = '11-Oct-2024';
2024-10-14T11:58:31.3216177Z 
2024-10-14T11:58:31.3216822Z 1 row updated.
2024-10-14T11:58:31.3216989Z 
2024-10-14T11:58:31.3217254Z Elapsed: 00:00:00.10
2024-10-14T11:58:31.3217545Z SQL> update fm.FM_NOP_IRSCIRS_DEALS_BKP set AMOUNT_L1 =-9113121497.01396, AMOUNT_L2 =5290709016.17443 where deal_id	=33690613 and as_of_date = '11-Oct-2024';
2024-10-14T11:58:31.4408856Z 
2024-10-14T11:58:31.4409596Z 1 row updated.
2024-10-14T11:58:31.4409664Z 
2024-10-14T11:58:31.4409844Z Elapsed: 00:00:00.11
2024-10-14T11:58:31.4410135Z SQL> update fm.FM_NOP_IRSCIRS_DEALS_BKP set AMOUNT_L1 =9113121497.01396, AMOUNT_L2 =-5290709016.17443 where deal_id	=33691470 and as_of_date = '11-Oct-2024';
2024-10-14T11:58:31.5456947Z 
2024-10-14T11:58:31.5457511Z 1 row updated.
2024-10-14T11:58:31.5457584Z 
2024-10-14T11:58:31.5457768Z Elapsed: 00:00:00.10
2024-10-14T11:58:31.5458054Z SQL> update fm.FM_NOP_IRSCIRS_DEALS_BKP set AMOUNT_L1 =-9181134004.79552, AMOUNT_L2 =5294340308.46245 where deal_id	=33828951 and as_of_date = '11-Oct-2024';
2024-10-14T11:58:31.6582320Z 
2024-10-14T11:58:31.6582902Z 1 row updated.
2024-10-14T11:58:31.6582966Z 
2024-10-14T11:58:31.6583146Z Elapsed: 00:00:00.11
2024-10-14T11:58:31.6583437Z SQL> update fm.FM_NOP_IRSCIRS_DEALS_BKP set AMOUNT_L1 =9181134004.79552, AMOUNT_L2 =-5294340308.46245 where deal_id	=33829830 and as_of_date = '11-Oct-2024';
2024-10-14T11:58:31.7748115Z 
2024-10-14T11:58:31.7749317Z 1 row updated.
2024-10-14T11:58:31.7749522Z 
2024-10-14T11:58:31.7749920Z Elapsed: 00:00:00.11
2024-10-14T11:58:31.7750651Z SQL> update fm.FM_NOP_IRSCIRS_DEALS_BKP set AMOUNT_L1 =-166724871.674808, AMOUNT_L2 =1835677.63170182 where deal_id	=34489595 and as_of_date = '11-Oct-2024';
2024-10-14T11:58:31.8875520Z 
2024-10-14T11:58:31.8876221Z 1 row updated.
2024-10-14T11:58:31.8876294Z 
2024-10-14T11:58:31.8876474Z Elapsed: 00:00:00.11
2024-10-14T11:58:31.8876743Z SQL> update fm.FM_NOP_IRSCIRS_DEALS_BKP set AMOUNT_L1 =166724871.674808, AMOUNT_L2 =-1835677.63170182 where deal_id	=34490893 and as_of_date = '11-Oct-2024';
2024-10-14T11:58:31.9882945Z 
2024-10-14T11:58:31.9883805Z 1 row updated.
2024-10-14T11:58:31.9883921Z 
2024-10-14T11:58:31.9884340Z Elapsed: 00:00:00.10
2024-10-14T11:58:31.9884956Z SQL> update fm.FM_NOP_IRSCIRS_DEALS_BKP set AMOUNT_L1 =-8536509.49837757, AMOUNT_L2 =716533645.595744 where deal_id	=34873046 and as_of_date = '11-Oct-2024';
2024-10-14T11:58:32.0891634Z 
2024-10-14T11:58:32.0892425Z 1 row updated.
2024-10-14T11:58:32.0892493Z 
2024-10-14T11:58:32.0892681Z Elapsed: 00:00:00.10
2024-10-14T11:58:32.0892972Z SQL> update fm.FM_NOP_IRSCIRS_DEALS_BKP set AMOUNT_L1 =8536509.49837757, AMOUNT_L2 =-716533645.595744 where deal_id	=34873917 and as_of_date = '11-Oct-2024';
2024-10-14T11:58:32.1886144Z 
2024-10-14T11:58:32.1886721Z 1 row updated.
2024-10-14T11:58:32.1886789Z 
2024-10-14T11:58:32.1886969Z Elapsed: 00:00:00.09
2024-10-14T11:58:32.1887256Z SQL> update fm.FM_NOP_IRSCIRS_DEALS_BKP set AMOUNT_L1 =1546999.80721223, AMOUNT_L2 =-1416499.9852878 where deal_id  =36058969 and as_of_date = '11-Oct-2024';
2024-10-14T11:58:32.2970827Z 
2024-10-14T11:58:32.2971383Z 1 row updated.
2024-10-14T11:58:32.2971447Z 
2024-10-14T11:58:32.2971627Z Elapsed: 00:00:00.10
2024-10-14T11:58:32.2971909Z SQL> update fm.FM_NOP_IRSCIRS_DEALS_BKP set AMOUNT_L1 =-1546999.80721223, AMOUNT_L2 =1416499.9852878 where deal_id  =36059013 and as_of_date = '11-Oct-2024';
2024-10-14T11:58:32.3985187Z 
2024-10-14T11:58:32.3985892Z 1 row updated.
2024-10-14T11:58:32.3985961Z 
2024-10-14T11:58:32.3986149Z Elapsed: 00:00:00.10
2024-10-14T11:58:32.3986423Z SQL> update fm.FM_NOP_IRSCIRS_DEALS_BKP set AMOUNT_L1 =-3944019351.87593, AMOUNT_L2 =43597362.5276932 where deal_id	=36224101 and as_of_date = '11-Oct-2024';
2024-10-14T11:58:32.5190238Z 
2024-10-14T11:58:32.5190751Z 1 row updated.
2024-10-14T11:58:32.5190832Z 
2024-10-14T11:58:32.5191003Z Elapsed: 00:00:00.12
2024-10-14T11:58:32.5191294Z SQL> update fm.FM_NOP_IRSCIRS_DEALS_BKP set AMOUNT_L1 =3944019351.87593, AMOUNT_L2 =-43597362.5276932 where deal_id	=36225855 and as_of_date = '11-Oct-2024';
2024-10-14T11:58:32.6220507Z 
2024-10-14T11:58:32.6221063Z 1 row updated.
2024-10-14T11:58:32.6221149Z 
2024-10-14T11:58:32.6221320Z Elapsed: 00:00:00.10
2024-10-14T11:58:32.6221611Z SQL> update fm.FM_NOP_IRSCIRS_DEALS_BKP set AMOUNT_L1 =5389597883.00858, AMOUNT_L2 =-9830259254.05778 where deal_id	=36746361 and as_of_date = '11-Oct-2024';
2024-10-14T11:58:32.7264522Z 
2024-10-14T11:58:32.7265566Z 1 row updated.
2024-10-14T11:58:32.7265686Z 
2024-10-14T11:58:32.7265891Z Elapsed: 00:00:00.10
2024-10-14T11:58:32.7266190Z SQL> update fm.FM_NOP_IRSCIRS_DEALS_BKP set AMOUNT_L1 =-5389597883.00858, AMOUNT_L2 =9830259254.05778 where deal_id	=36749296 and as_of_date = '11-Oct-2024';
2024-10-14T11:58:32.8465510Z 
2024-10-14T11:58:32.8466241Z 1 row updated.
2024-10-14T11:58:32.8466361Z 
2024-10-14T11:58:32.8466678Z Elapsed: 00:00:00.12
2024-10-14T11:58:32.8467212Z SQL> update fm.FM_NOP_IRSCIRS_DEALS_BKP set AMOUNT_L1 =-101247408.633253, AMOUNT_L2 =1123937.95687395 where deal_id	=36991129 and as_of_date = '11-Oct-2024';
2024-10-14T11:58:32.9434393Z 
2024-10-14T11:58:32.9435185Z 1 row updated.
2024-10-14T11:58:32.9435531Z 
2024-10-14T11:58:32.9435847Z Elapsed: 00:00:00.09
2024-10-14T11:58:32.9436592Z SQL> update fm.FM_NOP_IRSCIRS_DEALS_BKP set AMOUNT_L1 =101247408.633253, AMOUNT_L2 =-1123937.95687395 where deal_id	=36991745 and as_of_date = '11-Oct-2024';
2024-10-14T11:58:33.0415479Z 
2024-10-14T11:58:33.0416206Z 1 row updated.
2024-10-14T11:58:33.0416338Z 
2024-10-14T11:58:33.0416672Z Elapsed: 00:00:00.09
2024-10-14T11:58:33.0417271Z SQL> update fm.FM_NOP_IRSCIRS_DEALS_BKP set AMOUNT_L1 =-24665571.197174, AMOUNT_L2 =2056825110.11096 where deal_id  =36992152 and as_of_date = '11-Oct-2024';
2024-10-14T11:58:33.1459878Z 
2024-10-14T11:58:33.1460511Z 1 row updated.
2024-10-14T11:58:33.1460579Z 
2024-10-14T11:58:33.1460763Z Elapsed: 00:00:00.10
2024-10-14T11:58:33.1461058Z SQL> update fm.FM_NOP_IRSCIRS_DEALS_BKP set AMOUNT_L1 =-24667818.2747505, AMOUNT_L2 =2057169684.65454 where deal_id	=36992542 and as_of_date = '11-Oct-2024';
2024-10-14T11:58:33.2544497Z 
2024-10-14T11:58:33.2545220Z 1 row updated.
2024-10-14T11:58:33.2545353Z 
2024-10-14T11:58:33.2545682Z Elapsed: 00:00:00.10
2024-10-14T11:58:33.2546259Z SQL> update fm.FM_NOP_IRSCIRS_DEALS_BKP set AMOUNT_L1 =24665571.197174, AMOUNT_L2 =-2056825110.11096 where deal_id  =36992755 and as_of_date = '11-Oct-2024';
2024-10-14T11:58:33.3634784Z 
2024-10-14T11:58:33.3635361Z 1 row updated.
2024-10-14T11:58:33.3635434Z 
2024-10-14T11:58:33.3635699Z Elapsed: 00:00:00.10
2024-10-14T11:58:33.3636003Z SQL> update fm.FM_NOP_IRSCIRS_DEALS_BKP set AMOUNT_L1 =24667818.2747505, AMOUNT_L2 =-2057169684.65454 where deal_id	=36992768 and as_of_date = '11-Oct-2024';
2024-10-14T11:58:33.4769982Z 
2024-10-14T11:58:33.4770691Z 1 row updated.
2024-10-14T11:58:33.4770756Z 
2024-10-14T11:58:33.4770952Z Elapsed: 00:00:00.11
2024-10-14T11:58:33.4771235Z SQL> update fm.FM_NOP_IRSCIRS_DEALS_BKP set AMOUNT_L1 =1474679071.08183, AMOUNT_L2 =-16158732.5345635 where deal_id	=37425506 and as_of_date = '11-Oct-2024';
2024-10-14T11:58:33.6071492Z 
2024-10-14T11:58:33.6072147Z 1 row updated.
2024-10-14T11:58:33.6072215Z 
2024-10-14T11:58:33.6072403Z Elapsed: 00:00:00.13
2024-10-14T11:58:33.6073092Z SQL> update fm.FM_NOP_IRSCIRS_DEALS_BKP set AMOUNT_L1 =-1474679071.08183, AMOUNT_L2 =16158732.5345635 where deal_id	=37425847 and as_of_date = '11-Oct-2024';
2024-10-14T11:58:33.7403554Z 
2024-10-14T11:58:33.7404139Z 1 row updated.
2024-10-14T11:58:33.7404216Z 
2024-10-14T11:58:33.7404405Z Elapsed: 00:00:00.13
2024-10-14T11:58:33.7404687Z SQL> update fm.FM_NOP_IRSCIRS_DEALS_BKP set AMOUNT_L1 =-207075648.337616, AMOUNT_L2 =2485049.83383435 where deal_id	=37555502 and as_of_date = '11-Oct-2024';
2024-10-14T11:58:33.8612467Z 
2024-10-14T11:58:33.8613211Z 1 row updated.
2024-10-14T11:58:33.8613331Z 
2024-10-14T11:58:33.8613647Z Elapsed: 00:00:00.12
2024-10-14T11:58:33.8614267Z SQL> update fm.FM_NOP_IRSCIRS_DEALS_BKP set AMOUNT_L1 =207075648.337616, AMOUNT_L2 =-2485049.83383435 where deal_id	=37557835 and as_of_date = '11-Oct-2024';
2024-10-14T11:58:33.9718629Z 
2024-10-14T11:58:33.9719921Z 1 row updated.
2024-10-14T11:58:33.9720135Z 
2024-10-14T11:58:33.9720378Z Elapsed: 00:00:00.11
2024-10-14T11:58:33.9720661Z SQL> update fm.FM_NOP_IRSCIRS_DEALS_BKP set AMOUNT_L1 =-2085214260.91349, AMOUNT_L2 =24977024.052514 where deal_id  =37564738 and as_of_date = '11-Oct-2024';
2024-10-14T11:58:34.0755334Z 
2024-10-14T11:58:34.0755993Z 1 row updated.
2024-10-14T11:58:34.0756121Z 
2024-10-14T11:58:34.0756292Z Elapsed: 00:00:00.10
2024-10-14T11:58:34.0756583Z SQL> update fm.FM_NOP_IRSCIRS_DEALS_BKP set AMOUNT_L1 =2085214260.91349, AMOUNT_L2 =-24977024.052514 where deal_id  =37564749 and as_of_date = '11-Oct-2024';
2024-10-14T11:58:34.1913666Z 
2024-10-14T11:58:34.1914940Z 1 row updated.
2024-10-14T11:58:34.1915116Z 
2024-10-14T11:58:34.1915436Z Elapsed: 00:00:00.11
2024-10-14T11:58:34.1915924Z SQL> update fm.FM_NOP_IRSCIRS_DEALS_BKP set AMOUNT_L1 =728517.55023988, AMOUNT_L2 =-65767443.7119977 where deal_id  =37651188 and as_of_date = '11-Oct-2024';
2024-10-14T11:58:34.3177279Z 
2024-10-14T11:58:34.3178088Z 1 row updated.
2024-10-14T11:58:34.3178216Z 
2024-10-14T11:58:34.3178443Z Elapsed: 00:00:00.12
2024-10-14T11:58:34.3178751Z SQL> update fm.FM_NOP_IRSCIRS_DEALS_BKP set AMOUNT_L1 =-28579103.6130396, AMOUNT_L2 =316860.84070003 where deal_id  =37651912 and as_of_date = '11-Oct-2024';
2024-10-14T11:58:34.4749687Z 
2024-10-14T11:58:34.4750230Z 1 row updated.
2024-10-14T11:58:34.4750299Z 
2024-10-14T11:58:34.4750483Z Elapsed: 00:00:00.15
2024-10-14T11:58:34.4751278Z SQL> update fm.FM_NOP_IRSCIRS_DEALS_BKP set AMOUNT_L1 =120117.65303599, AMOUNT_L2 =-10833953.8500787 where deal_id  =37652114 and as_of_date = '11-Oct-2024';
2024-10-14T11:58:34.5757478Z 
2024-10-14T11:58:34.5758607Z 1 row updated.
2024-10-14T11:58:34.5758799Z 
2024-10-14T11:58:34.5759145Z Elapsed: 00:00:00.10
2024-10-14T11:58:34.5759727Z SQL> update fm.FM_NOP_IRSCIRS_DEALS_BKP set AMOUNT_L1 =-728517.55023988, AMOUNT_L2 =65767443.7119977 where deal_id  =37652642 and as_of_date = '11-Oct-2024';
2024-10-14T11:58:34.6762936Z 
2024-10-14T11:58:34.6763933Z 1 row updated.
2024-10-14T11:58:34.6764061Z 
2024-10-14T11:58:34.6764288Z Elapsed: 00:00:00.10
2024-10-14T11:58:34.6764703Z SQL> update fm.FM_NOP_IRSCIRS_DEALS_BKP set AMOUNT_L1 =28579103.6130396, AMOUNT_L2 =-316860.84070003 where deal_id  =37653016 and as_of_date = '11-Oct-2024';
2024-10-14T11:58:34.7833891Z 
2024-10-14T11:58:34.7834554Z 1 row updated.
2024-10-14T11:58:34.7834623Z 
2024-10-14T11:58:34.7834798Z Elapsed: 00:00:00.10
2024-10-14T11:58:34.7835110Z SQL> update fm.FM_NOP_IRSCIRS_DEALS_BKP set AMOUNT_L1 =-120117.65303599, AMOUNT_L2 =10833953.8500787 where deal_id  =37653732 and as_of_date = '11-Oct-2024';
2024-10-14T11:58:34.8882050Z 
2024-10-14T11:58:34.8882602Z 1 row updated.
2024-10-14T11:58:34.8882675Z 
2024-10-14T11:58:34.8882850Z Elapsed: 00:00:00.10
2024-10-14T11:58:34.8883137Z SQL> update fm.FM_NOP_IRSCIRS_DEALS_BKP set AMOUNT_L1 =594381.20681812, AMOUNT_L2 =-54215675.8978627 where deal_id  =37772873 and as_of_date = '11-Oct-2024';
2024-10-14T11:58:34.9878165Z 
2024-10-14T11:58:34.9878781Z 1 row updated.
2024-10-14T11:58:34.9878849Z 
2024-10-14T11:58:34.9879029Z Elapsed: 00:00:00.09
2024-10-14T11:58:34.9879315Z SQL> update fm.FM_NOP_IRSCIRS_DEALS_BKP set AMOUNT_L1 =-594381.20681812, AMOUNT_L2 =54215675.8978627 where deal_id  =37774690 and as_of_date = '11-Oct-2024';
2024-10-14T11:58:35.1011565Z 
2024-10-14T11:58:35.1012420Z 1 row updated.
2024-10-14T11:58:35.1012540Z 
2024-10-14T11:58:35.1012869Z Elapsed: 00:00:00.11
2024-10-14T11:58:35.1013917Z SQL> update fm.FM_NOP_IRSCIRS_DEALS_BKP set AMOUNT_L1 =-38070363.713862, AMOUNT_L2 =3205072059.20705 where deal_id  =37876501 and as_of_date = '11-Oct-2024';
2024-10-14T11:58:35.2135399Z 
2024-10-14T11:58:35.2136280Z 1 row updated.
2024-10-14T11:58:35.2136516Z 
2024-10-14T11:58:35.2136841Z Elapsed: 00:00:00.11
2024-10-14T11:58:35.2137405Z SQL> update fm.FM_NOP_IRSCIRS_DEALS_BKP set AMOUNT_L1 =38070363.713862, AMOUNT_L2 =-3205072059.20705 where deal_id  =37876833 and as_of_date = '11-Oct-2024';
2024-10-14T11:58:35.3320311Z 
2024-10-14T11:58:35.3321247Z 1 row updated.
2024-10-14T11:58:35.3321363Z 
2024-10-14T11:58:35.3321542Z Elapsed: 00:00:00.11
2024-10-14T11:58:35.3321829Z SQL> update fm.FM_NOP_IRSCIRS_DEALS_BKP set AMOUNT_L1 =-43372540.7152259, AMOUNT_L2 =470481.99404292 where deal_id  =37893540 and as_of_date = '11-Oct-2024';
2024-10-14T11:58:35.4378409Z 
2024-10-14T11:58:35.4379081Z 1 row updated.
2024-10-14T11:58:35.4379157Z 
2024-10-14T11:58:35.4379401Z Elapsed: 00:00:00.10
2024-10-14T11:58:35.4379696Z SQL> update fm.FM_NOP_IRSCIRS_DEALS_BKP set AMOUNT_L1 =43372540.7152259, AMOUNT_L2 =-470481.99404292 where deal_id  =37894092 and as_of_date = '11-Oct-2024';
2024-10-14T11:58:35.5229842Z 
2024-10-14T11:58:35.5230342Z 1 row updated.
2024-10-14T11:58:35.5230449Z 
2024-10-14T11:58:35.5230611Z Elapsed: 00:00:00.08
2024-10-14T11:58:35.5230907Z SQL> update fm.FM_NOP_IRSCIRS_DEALS_BKP set AMOUNT_L1 =-20903598.046967, AMOUNT_L2 =1778829362.21554 where deal_id  =37898861 and as_of_date = '11-Oct-2024';
2024-10-14T11:58:35.6288168Z 
2024-10-14T11:58:35.6289075Z 1 row updated.
2024-10-14T11:58:35.6289194Z 
2024-10-14T11:58:35.6289447Z Elapsed: 00:00:00.10
2024-10-14T11:58:35.6289733Z SQL> update fm.FM_NOP_IRSCIRS_DEALS_BKP set AMOUNT_L1 =20903598.046967, AMOUNT_L2 =-1778829362.21554 where deal_id  =37898908 and as_of_date = '11-Oct-2024';
2024-10-14T11:58:35.7262392Z 
2024-10-14T11:58:35.7262918Z 1 row updated.
2024-10-14T11:58:35.7263029Z 
2024-10-14T11:58:35.7263222Z Elapsed: 00:00:00.09
2024-10-14T11:58:35.7263508Z SQL> update fm.FM_NOP_IRSCIRS_DEALS_BKP set AMOUNT_L1 =51877703.8026298, AMOUNT_L2 =-4362107607.38467 where deal_id	=37955491 and as_of_date = '11-Oct-2024';
2024-10-14T11:58:35.8421848Z 
2024-10-14T11:58:35.8422425Z 1 row updated.
2024-10-14T11:58:35.8422515Z 
2024-10-14T11:58:35.8422682Z Elapsed: 00:00:00.11
2024-10-14T11:58:35.8422977Z SQL> update fm.FM_NOP_IRSCIRS_DEALS_BKP set AMOUNT_L1 =-51877703.8026298, AMOUNT_L2 =4362107607.38467 where deal_id	=37955638 and as_of_date = '11-Oct-2024';
2024-10-14T11:58:35.9465805Z 
2024-10-14T11:58:35.9466387Z 1 row updated.
2024-10-14T11:58:35.9466451Z 
2024-10-14T11:58:35.9466635Z Elapsed: 00:00:00.10
2024-10-14T11:58:35.9466926Z SQL> update fm.FM_NOP_IRSCIRS_DEALS_BKP set AMOUNT_L1 =10796278.11637, AMOUNT_L2 =-999322539.223476 where deal_id  =37956829 and as_of_date = '11-Oct-2024';
2024-10-14T11:58:36.0550705Z 
2024-10-14T11:58:36.0551496Z 1 row updated.
2024-10-14T11:58:36.0551692Z 
2024-10-14T11:58:36.0552159Z Elapsed: 00:00:00.10
2024-10-14T11:58:36.0552685Z SQL> update fm.FM_NOP_IRSCIRS_DEALS_BKP set AMOUNT_L1 =-10796278.11637, AMOUNT_L2 =999322539.223476 where deal_id  =37956931 and as_of_date = '11-Oct-2024';
2024-10-14T11:58:36.1519162Z 
2024-10-14T11:58:36.1519710Z 1 row updated.
2024-10-14T11:58:36.1519778Z 
2024-10-14T11:58:36.1519953Z Elapsed: 00:00:00.09
2024-10-14T11:58:36.1520244Z SQL> update fm.FM_NOP_IRSCIRS_DEALS_BKP set AMOUNT_L1 =350107.48652295, AMOUNT_L2 =-32529405.5295474 where deal_id  =37974013 and as_of_date = '11-Oct-2024';
2024-10-14T11:58:36.2411809Z 
2024-10-14T11:58:36.2412369Z 1 row updated.
2024-10-14T11:58:36.2412437Z 
2024-10-14T11:58:36.2412630Z Elapsed: 00:00:00.09
2024-10-14T11:58:36.2412916Z SQL> update fm.FM_NOP_IRSCIRS_DEALS_BKP set AMOUNT_L1 =-350107.48652295, AMOUNT_L2 =32529405.5295474 where deal_id  =37974145 and as_of_date = '11-Oct-2024';
2024-10-14T11:58:36.3442285Z 
2024-10-14T11:58:36.3443072Z 1 row updated.
2024-10-14T11:58:36.3443487Z 
2024-10-14T11:58:36.3443696Z Elapsed: 00:00:00.10
2024-10-14T11:58:36.3443987Z SQL> update fm.FM_NOP_IRSCIRS_DEALS_BKP set AMOUNT_L1 =46241643.6273883, AMOUNT_L2 =-4291112207.7061 where deal_id  =38214112 and as_of_date = '11-Oct-2024';
2024-10-14T11:58:36.4495894Z 
2024-10-14T11:58:36.4496959Z 1 row updated.
2024-10-14T11:58:36.4497139Z 
2024-10-14T11:58:36.4497456Z Elapsed: 00:00:00.10
2024-10-14T11:58:36.4497840Z SQL> update fm.FM_NOP_IRSCIRS_DEALS_BKP set AMOUNT_L1 =-46241643.6273883, AMOUNT_L2 =4291112207.7061 where deal_id  =38214175 and as_of_date = '11-Oct-2024';
2024-10-14T11:58:36.5475122Z 
2024-10-14T11:58:36.5475845Z 1 row updated.
2024-10-14T11:58:36.5475939Z 
2024-10-14T11:58:36.5476170Z Elapsed: 00:00:00.09
2024-10-14T11:58:36.5476508Z SQL> update fm.FM_NOP_IRSCIRS_DEALS_BKP set AMOUNT_L1 =-210060918.78555, AMOUNT_L2 =2499448.04709471 where deal_id  =38333610 and as_of_date = '11-Oct-2024';
2024-10-14T11:58:36.6562907Z 
2024-10-14T11:58:36.6563420Z 1 row updated.
2024-10-14T11:58:36.6563561Z 
2024-10-14T11:58:36.6563724Z Elapsed: 00:00:00.10
2024-10-14T11:58:36.6564010Z SQL> update fm.FM_NOP_IRSCIRS_DEALS_BKP set AMOUNT_L1 =210060918.78555, AMOUNT_L2 =-2499448.04709471 where deal_id  =38334229 and as_of_date = '11-Oct-2024';
2024-10-14T11:58:36.7517596Z 
2024-10-14T11:58:36.7518438Z 1 row updated.
2024-10-14T11:58:36.7518554Z 
2024-10-14T11:58:36.7518720Z Elapsed: 00:00:00.09
2024-10-14T11:58:36.7519041Z SQL> update fm.FM_NOP_IRSCIRS_DEALS_BKP set AMOUNT_L1 =-461282513.562209, AMOUNT_L2 =4950698.30135042 where deal_id	=38343104 and as_of_date = '11-Oct-2024';
2024-10-14T11:58:36.8560793Z 
2024-10-14T11:58:36.8561755Z 1 row updated.
2024-10-14T11:58:36.8561922Z 
2024-10-14T11:58:36.8562174Z Elapsed: 00:00:00.10
2024-10-14T11:58:36.8562623Z SQL> update fm.FM_NOP_IRSCIRS_DEALS_BKP set AMOUNT_L1 =461282513.562209, AMOUNT_L2 =-4950698.30135042 where deal_id	=38343265 and as_of_date = '11-Oct-2024';
2024-10-14T11:58:36.9550380Z 
2024-10-14T11:58:36.9551313Z 1 row updated.
2024-10-14T11:58:36.9551514Z 
2024-10-14T11:58:36.9551766Z Elapsed: 00:00:00.09
2024-10-14T11:58:36.9552040Z SQL> update fm.FM_NOP_IRSCIRS_DEALS_BKP set AMOUNT_L1 =-101861241.168832, AMOUNT_L2 =1095906.52259538 where deal_id	=38363069 and as_of_date = '11-Oct-2024';
2024-10-14T11:58:37.0583130Z 
2024-10-14T11:58:37.0584101Z 1 row updated.
2024-10-14T11:58:37.0584221Z 
2024-10-14T11:58:37.0584405Z Elapsed: 00:00:00.10
2024-10-14T11:58:37.0584704Z SQL> update fm.FM_NOP_IRSCIRS_DEALS_BKP set AMOUNT_L1 =101861241.168832, AMOUNT_L2 =-1095906.52259538 where deal_id	=38363303 and as_of_date = '11-Oct-2024';
2024-10-14T11:58:37.1755198Z 
2024-10-14T11:58:37.1755994Z 1 row updated.
2024-10-14T11:58:37.1756066Z 
2024-10-14T11:58:37.1756905Z Elapsed: 00:00:00.11
2024-10-14T11:58:37.1757914Z SQL> update fm.FM_NOP_IRSCIRS_DEALS_BKP set AMOUNT_L1 =-9531379.172518, AMOUNT_L2 =796962308.631242 where deal_id  =38365701 and as_of_date = '11-Oct-2024';
2024-10-14T11:58:37.2806180Z 
2024-10-14T11:58:37.2807014Z 1 row updated.
2024-10-14T11:58:37.2807134Z 
2024-10-14T11:58:37.2807318Z Elapsed: 00:00:00.10
2024-10-14T11:58:37.2807600Z SQL> update fm.FM_NOP_IRSCIRS_DEALS_BKP set AMOUNT_L1 =9531379.172518, AMOUNT_L2 =-796962308.631242 where deal_id  =38365760 and as_of_date = '11-Oct-2024';
2024-10-14T11:58:37.3895170Z 
2024-10-14T11:58:37.3895974Z 1 row updated.
2024-10-14T11:58:37.3896158Z 
2024-10-14T11:58:37.3896633Z Elapsed: 00:00:00.10
2024-10-14T11:58:37.3897916Z SQL> update fm.FM_NOP_IRSCIRS_DEALS_BKP set AMOUNT_L1 =-5606693.62858487, AMOUNT_L2 =468801358.01818 where deal_id  =38365816 and as_of_date = '11-Oct-2024';
2024-10-14T11:58:37.4986941Z 
2024-10-14T11:58:37.4987621Z 1 row updated.
2024-10-14T11:58:37.4987783Z 
2024-10-14T11:58:37.4987963Z Elapsed: 00:00:00.10
2024-10-14T11:58:37.4988348Z SQL> update fm.FM_NOP_IRSCIRS_DEALS_BKP set AMOUNT_L1 =5606693.62858487, AMOUNT_L2 =-468801358.01818 where deal_id  =38365869 and as_of_date = '11-Oct-2024';
2024-10-14T11:58:37.5943622Z 
2024-10-14T11:58:37.5944392Z 1 row updated.
2024-10-14T11:58:37.5944456Z 
2024-10-14T11:58:37.5944632Z Elapsed: 00:00:00.09
2024-10-14T11:58:37.5944918Z SQL> update fm.FM_NOP_IRSCIRS_DEALS_BKP set AMOUNT_L1 =-89968423.9594809, AMOUNT_L2 =971537.64252012 where deal_id  =38385561 and as_of_date = '11-Oct-2024';
2024-10-14T11:58:37.6989412Z 
2024-10-14T11:58:37.6990473Z 1 row updated.
2024-10-14T11:58:37.6990656Z 
2024-10-14T11:58:37.6991029Z Elapsed: 00:00:00.10
2024-10-14T11:58:37.6991683Z SQL> update fm.FM_NOP_IRSCIRS_DEALS_BKP set AMOUNT_L1 =-67449116.0348683, AMOUNT_L2 =729724.58516571 where deal_id  =38385968 and as_of_date = '11-Oct-2024';
2024-10-14T11:58:37.7942603Z 
2024-10-14T11:58:37.7943305Z 1 row updated.
2024-10-14T11:58:37.7943373Z 
2024-10-14T11:58:37.7943553Z Elapsed: 00:00:00.09
2024-10-14T11:58:37.7943822Z SQL> update fm.FM_NOP_IRSCIRS_DEALS_BKP set AMOUNT_L1 =89968423.9594809, AMOUNT_L2 =-971537.64252012 where deal_id  =38386367 and as_of_date = '11-Oct-2024';
2024-10-14T11:58:37.9137933Z 
2024-10-14T11:58:37.9138485Z 1 row updated.
2024-10-14T11:58:37.9138575Z 
2024-10-14T11:58:37.9138737Z Elapsed: 00:00:00.11
2024-10-14T11:58:37.9139020Z SQL> update fm.FM_NOP_IRSCIRS_DEALS_BKP set AMOUNT_L1 =67449116.0348683, AMOUNT_L2 =-729724.58516571 where deal_id  =38386733 and as_of_date = '11-Oct-2024';
2024-10-14T11:58:38.0085463Z 
2024-10-14T11:58:38.0086626Z 1 row updated.
2024-10-14T11:58:38.0086789Z 
2024-10-14T11:58:38.0086985Z Elapsed: 00:00:00.09
2024-10-14T11:58:38.0087281Z SQL> update fm.FM_NOP_IRSCIRS_DEALS_BKP set AMOUNT_L1 =-2153519039.36164, AMOUNT_L2 =25489514.5454919 where deal_id	=38405762 and as_of_date = '11-Oct-2024';
2024-10-14T11:58:38.1124537Z 
2024-10-14T11:58:38.1125435Z 1 row updated.
2024-10-14T11:58:38.1125551Z 
2024-10-14T11:58:38.1125743Z Elapsed: 00:00:00.10
2024-10-14T11:58:38.1126030Z SQL> update fm.FM_NOP_IRSCIRS_DEALS_BKP set AMOUNT_L1 =2153519039.3127, AMOUNT_L2 =-25489514.5454919 where deal_id  =38406280 and as_of_date = '11-Oct-2024';
2024-10-14T11:58:38.2157587Z 
2024-10-14T11:58:38.2158455Z 1 row updated.
2024-10-14T11:58:38.2158524Z 
2024-10-14T11:58:38.2158712Z Elapsed: 00:00:00.10
2024-10-14T11:58:38.2158998Z SQL> update fm.FM_NOP_IRSCIRS_DEALS_BKP set AMOUNT_L1 =-24143951.8336088, AMOUNT_L2 =257313.18611465 where deal_id  =38495908 and as_of_date = '11-Oct-2024';
2024-10-14T11:58:38.3148705Z 
2024-10-14T11:58:38.3149612Z 1 row updated.
2024-10-14T11:58:38.3149740Z 
2024-10-14T11:58:38.3149911Z Elapsed: 00:00:00.09
2024-10-14T11:58:38.3150514Z SQL> update fm.FM_NOP_IRSCIRS_DEALS_BKP set AMOUNT_L1 =24143951.8336088, AMOUNT_L2 =-257313.18611465 where deal_id  =38496483 and as_of_date = '11-Oct-2024';
2024-10-14T11:58:38.4169984Z 
2024-10-14T11:58:38.4170908Z 1 row updated.
2024-10-14T11:58:38.4171027Z 
2024-10-14T11:58:38.4171228Z Elapsed: 00:00:00.10
2024-10-14T11:58:38.4172020Z SQL> update fm.FM_NOP_IRSCIRS_DEALS_BKP set AMOUNT_L1 =-21670841.0304412, AMOUNT_L2 =231166.57415915 where deal_id  =38499817 and as_of_date = '11-Oct-2024';
2024-10-14T11:58:38.5156843Z 
2024-10-14T11:58:38.5158058Z 1 row updated.
2024-10-14T11:58:38.5158199Z 
2024-10-14T11:58:38.5158502Z Elapsed: 00:00:00.09
2024-10-14T11:58:38.5159212Z SQL> update fm.FM_NOP_IRSCIRS_DEALS_BKP set AMOUNT_L1 =21670841.0304412, AMOUNT_L2 =-231166.57415915 where deal_id  =38503811 and as_of_date = '11-Oct-2024';
2024-10-14T11:58:38.6284655Z 
2024-10-14T11:58:38.6285621Z 1 row updated.
2024-10-14T11:58:38.6286053Z 
2024-10-14T11:58:38.6286241Z Elapsed: 00:00:00.11
2024-10-14T11:58:38.6286622Z SQL> update fm.FM_NOP_IRSCIRS_DEALS_BKP set AMOUNT_L1 =10835979.6710188, AMOUNT_L2 =-10881385.7381152 where deal_id	=38507215 and as_of_date = '11-Oct-2024';
2024-10-14T11:58:38.7290482Z 
2024-10-14T11:58:38.7291589Z 1 row updated.
2024-10-14T11:58:38.7291752Z 
2024-10-14T11:58:38.7292038Z Elapsed: 00:00:00.10
2024-10-14T11:58:38.7292453Z SQL> update fm.FM_NOP_IRSCIRS_DEALS_BKP set AMOUNT_L1 =-11482482.277804, AMOUNT_L2 =11527888.3449004 where deal_id  =38507421 and as_of_date = '11-Oct-2024';
2024-10-14T11:58:38.8339833Z 
2024-10-14T11:58:38.8340530Z 1 row updated.
2024-10-14T11:58:38.8340740Z 
2024-10-14T11:58:38.8340962Z Elapsed: 00:00:00.10
2024-10-14T11:58:38.8341129Z SQL> commit;
2024-10-14T11:58:38.8375755Z 
2024-10-14T11:58:38.8376371Z Commit complete.
2024-10-14T11:58:38.8376542Z 
2024-10-14T11:58:38.8376863Z Elapsed: 00:00:00.00
2024-10-14T11:58:38.8380366Z SQL> set timing off
2024-10-14T11:58:38.8380742Z SQL> spool off
2024-10-14T11:58:38.8433677Z SQL> exit
2024-10-01T19:46:15.6544044Z SQL> CREATE OR REPLACE
2024-10-01T19:46:15.6544232Z   2  PROCEDURE TBMS_DL_INFRA_270924
2024-10-01T19:46:15.6544378Z   3  IS
2024-10-01T19:46:15.6544634Z   4  				     V_EXPECTED_RECORDS_TO_FIX_COUNT	  NUMBER;
2024-10-01T19:46:15.6545105Z   5  				     V_ACTUAL_RECORDS_TO_FIX_COUNT   NUMBER;
2024-10-01T19:46:15.6545349Z   6  				     I			 NUMBER := 0;
2024-10-01T19:46:15.6545511Z   7  				     V_SELECT_COUNT NUMBER;
2024-10-01T19:46:15.6545691Z   8  				     S			 NUMBER := 0;
2024-10-01T19:46:15.6545879Z   9  								     V_SELECT_COUNT_POST_COMMIT      NUMBER;
2024-10-01T19:46:15.6546067Z  10  				     U			 NUMBER := 0;
2024-10-01T19:46:15.6546443Z  11  				     P			 NUMBER := 0;
2024-10-01T19:46:15.6546627Z  12  								     Q			 NUMBER := 0;
2024-10-01T19:46:15.6546803Z  13  								     W			 NUMBER := 0;
2024-10-01T19:46:15.6546982Z  14  								     X			 NUMBER := 0;
2024-10-01T19:46:15.6547123Z  15  BEGIN
2024-10-01T19:46:15.6547320Z  16  				     V_EXPECTED_RECORDS_TO_FIX_COUNT :=  168;
2024-10-01T19:46:15.6547585Z  17  				     DBMS_OUTPUT.PUT_LINE('No Of Records That Should Be Affected = '  || V_EXPECTED_RECORDS_TO_FIX_COUNT);
2024-10-01T19:46:15.6547795Z  18  
2024-10-01T19:46:15.6547915Z  19  
2024-10-01T19:46:15.6548188Z  20  EXECUTE IMMEDIATE 'CREATE TABLE TBMS_DL_INFRA_270924_PRE1 AS (SELECT C.*, ROWID ROW_ID FROM custom.c_fdst C where system_id in (''TBMS'') and BATCH_TRAN_ID in (
2024-10-01T19:46:15.6548458Z  21  ''1537767678'',
2024-10-01T19:46:15.6548620Z  22  ''1537892824'',
2024-10-01T19:46:15.6548762Z  23  ''1537884082'',
2024-10-01T19:46:15.6548924Z  24  ''1537767616'',
2024-10-01T19:46:15.6549087Z  25  ''1537698697'',
2024-10-01T19:46:15.6549352Z  26  ''1537780815'',
2024-10-01T19:46:15.6549501Z  27  ''1537884053'',
2024-10-01T19:46:15.6549681Z  28  ''1537871574'',
2024-10-01T19:46:15.6549844Z  29  ''1537867085'',
2024-10-01T19:46:15.6550079Z  30  ''1537737082'',
2024-10-01T19:46:15.6550259Z  31  ''1537853986'',
2024-10-01T19:46:15.6550400Z  32  ''1537867129'',
2024-10-01T19:46:15.6550562Z  33  ''1537698726'',
2024-10-01T19:46:15.6550721Z  34  ''1537853229'',
2024-10-01T19:46:15.6550951Z  35  ''1537892791'',
2024-10-01T19:46:15.6551097Z  36  ''1537853259'',
2024-10-01T19:46:15.6551251Z  37  ''1537737187'',
2024-10-01T19:46:15.6551409Z  38  ''1537780846'',
2024-10-01T19:46:15.6551631Z  39  ''1537853959'',
2024-10-01T19:46:15.6551777Z  40  ''1537871605'',
2024-10-01T19:46:15.6551935Z  41  ''1537674427'',
2024-10-01T19:46:15.6552260Z  42  ''1537674407'',
2024-10-01T19:46:15.6552423Z  43  ''1537630760'',
2024-10-01T19:46:15.6552564Z  44  ''1537630790'',
2024-10-01T19:46:15.6552739Z  45  ''1537613509'',
2024-10-01T19:46:15.6553064Z  46  ''1537613540'',
2024-10-01T19:46:15.6553338Z  47  ''1535277457'',
2024-10-01T19:46:15.6553492Z  48  ''1535043576'',
2024-10-01T19:46:15.6553650Z  49  ''1534021404'',
2024-10-01T19:46:15.6553881Z  50  ''1535308964'',
2024-10-01T19:46:15.6554039Z  51  ''1535247595'',
2024-10-01T19:46:15.6554185Z  52  ''1535021222'',
2024-10-01T19:46:15.6554343Z  53  ''1535442804'',
2024-10-01T19:46:15.6554506Z  54  ''1535467976'',
2024-10-01T19:46:15.6554869Z  55  ''1535855763'',
2024-10-01T19:46:15.6555010Z  56  ''1533835923'',
2024-10-01T19:46:15.6555173Z  57  ''1534972136'',
2024-10-01T19:46:15.6555331Z  58  ''1535278904'',
2024-10-01T19:46:15.6555489Z  59  ''1535879834'',
2024-10-01T19:46:15.6555716Z  60  ''1535566822'',
2024-10-01T19:46:15.6556020Z  61  ''1536122584'',
2024-10-01T19:46:15.6556169Z  62  ''1536758811'',
2024-10-01T19:46:15.6556404Z  63  ''1536122592'',
2024-10-01T19:46:15.6556580Z  64  ''1537315761'',
2024-10-01T19:46:15.6556931Z  65  ''1537053134'',
2024-10-01T19:46:15.6557084Z  66  ''1537143954'',
2024-10-01T19:46:15.6557226Z  67  ''1537126583'',
2024-10-01T19:46:15.6557380Z  68  ''1536948264'',
2024-10-01T19:46:15.6557538Z  69  ''1536956356'',
2024-10-01T19:46:15.6557692Z  70  ''1537593062'',
2024-10-01T19:46:15.6557833Z  71  ''1536989204'',
2024-10-01T19:46:15.6557991Z  72  ''1537046181'',
2024-10-01T19:46:15.6558145Z  73  ''1536950204'',
2024-10-01T19:46:15.6558312Z  74  ''1536908797'',
2024-10-01T19:46:15.6558526Z  75  ''1536873144'',
2024-10-01T19:46:15.6558727Z  76  ''1536859397'') and tran_PROCESS_STATUS is null)';
2024-10-01T19:46:15.6558898Z  77  
2024-10-01T19:46:15.6559018Z  78  
2024-10-01T19:46:15.6559279Z  79  EXECUTE IMMEDIATE 'CREATE TABLE TBMS_DL_INFRA_270924_PRE2 AS (SELECT D.*,	ROWID ROW_ID FROM custom.c_fhst D where system_id=''TBMS'' and BATCH_TRAN_ID in (
2024-10-01T19:46:15.6559544Z  80  ''1537767678'',
2024-10-01T19:46:15.6559719Z  81  ''1537892824'',
2024-10-01T19:46:15.6559868Z  82  ''1537884082'',
2024-10-01T19:46:15.6560685Z  83  ''1537767616'',
2024-10-01T19:46:15.6560844Z  84  ''1537698697'',
2024-10-01T19:46:15.6560980Z  85  ''1537780815'',
2024-10-01T19:46:15.6561139Z  86  ''1537884053'',
2024-10-01T19:46:15.6561293Z  87  ''1537871574'',
2024-10-01T19:46:15.6561447Z  88  ''1537867085'',
2024-10-01T19:46:15.6561592Z  89  ''1537737082'',
2024-10-01T19:46:15.6561746Z  90  ''1537853986'',
2024-10-01T19:46:15.6561904Z  91  ''1537867129'',
2024-10-01T19:46:15.6562062Z  92  ''1537698726'',
2024-10-01T19:46:15.6562204Z  93  ''1537853229'',
2024-10-01T19:46:15.6562366Z  94  ''1537892791'',
2024-10-01T19:46:15.6562524Z  95  ''1537853259'',
2024-10-01T19:46:15.6562661Z  96  ''1537737187'',
2024-10-01T19:46:15.6562884Z  97  ''1537780846'',
2024-10-01T19:46:15.6563042Z  98  ''1537853959'',
2024-10-01T19:46:15.6563200Z  99  ''1537871605'',
2024-10-01T19:46:15.6563337Z 100  ''1537674427'',
2024-10-01T19:46:15.6563499Z 101  ''1537674407'',
2024-10-01T19:46:15.6563658Z 102  ''1537630760'',
2024-10-01T19:46:15.6563820Z 103  ''1537630790'',
2024-10-01T19:46:15.6563966Z 104  ''1537613509'',
2024-10-01T19:46:15.6564124Z 105  ''1537613540'',
2024-10-01T19:46:15.6564286Z 106  ''1535277457'',
2024-10-01T19:46:15.6564440Z 107  ''1535043576'',
2024-10-01T19:46:15.6564586Z 108  ''1534021404'',
2024-10-01T19:46:15.6564744Z 109  ''1535308964'',
2024-10-01T19:46:15.6564911Z 110  ''1535247595'',
2024-10-01T19:46:15.6565069Z 111  ''1535021222'',
2024-10-01T19:46:15.6565215Z 112  ''1535442804'',
2024-10-01T19:46:15.6565698Z 113  ''1535467976'',
2024-10-01T19:46:15.6566031Z 114  ''1535855763'',
2024-10-01T19:46:15.6566292Z 115  ''1533835923'',
2024-10-01T19:46:15.6566472Z 116  ''1534972136'',
2024-10-01T19:46:15.6566634Z 117  ''1535278904'',
2024-10-01T19:46:15.6566788Z 118  ''1535879834'',
2024-10-01T19:46:15.6566934Z 119  ''1535566822'',
2024-10-01T19:46:15.6567092Z 120  ''1536122584'',
2024-10-01T19:46:15.6567250Z 121  ''1536758811'',
2024-10-01T19:46:15.6567413Z 122  ''1536122592'',
2024-10-01T19:46:15.6567575Z 123  ''1537315761'',
2024-10-01T19:46:15.6567729Z 124  ''1537053134'',
2024-10-01T19:46:15.6567892Z 125  ''1537143954'',
2024-10-01T19:46:15.6568046Z 126  ''1537126583'',
2024-10-01T19:46:15.6568195Z 127  ''1536948264'',
2024-10-01T19:46:15.6568349Z 128  ''1536956356'',
2024-10-01T19:46:15.6568512Z 129  ''1537593062'',
2024-10-01T19:46:15.6568653Z 130  ''1536989204'',
2024-10-01T19:46:15.6568811Z 131  ''1537046181'',
2024-10-01T19:46:15.6568965Z 132  ''1536950204'',
2024-10-01T19:46:15.6569124Z 133  ''1536908797'',
2024-10-01T19:46:15.6569269Z 134  ''1536873144'',
2024-10-01T19:46:15.6569569Z 135  ''1536859397'')  and PROCESS_STATUS=''N'')';
2024-10-01T19:46:15.6569774Z 136  
2024-10-01T19:46:15.6569902Z 137  
2024-10-01T19:46:15.6570172Z 138  EXECUTE IMMEDIATE 'SELECT COUNT(1) FROM TBMS_DL_INFRA_270924_PRE1' INTO P ;
2024-10-01T19:46:15.6570437Z 139  EXECUTE IMMEDIATE 'SELECT COUNT(1) FROM TBMS_DL_INFRA_270924_PRE2' INTO Q ;
2024-10-01T19:46:15.6570775Z 140  S:=P+Q;
2024-10-01T19:46:15.6571006Z 141  DBMS_OUTPUT.PUT_LINE('No Of Records That Available in SELECT STATEMENT = '  || TO_CHAR(S));
2024-10-01T19:46:15.6571219Z 142  V_SELECT_COUNT := S;
2024-10-01T19:46:15.6571373Z 143  
2024-10-01T19:46:15.6571638Z 144  update custom.c_fdst set TRAN_PROCESS_STATUS='E',error_reason='INFRA_270924| Failed due to Double lien' where system_id='TBMS' and BATCH_TRAN_ID in (
2024-10-01T19:46:15.6571899Z 145  '1537767678',
2024-10-01T19:46:15.6572058Z 146  '1537892824',
2024-10-01T19:46:15.6572203Z 147  '1537884082',
2024-10-01T19:46:15.6572357Z 148  '1537767616',
2024-10-01T19:46:15.6572511Z 149  '1537698697',
2024-10-01T19:46:15.6572644Z 150  '1537780815',
2024-10-01T19:46:15.6572798Z 151  '1537884053',
2024-10-01T19:46:15.6572956Z 152  '1537871574',
2024-10-01T19:46:15.6573110Z 153  '1537867085',
2024-10-01T19:46:15.6573247Z 154  '1537737082',
2024-10-01T19:46:15.6573401Z 155  '1537853986',
2024-10-01T19:46:15.6573559Z 156  '1537867129',
2024-10-01T19:46:15.6573790Z 157  '1537698726',
2024-10-01T19:46:15.6573927Z 158  '1537853229',
2024-10-01T19:46:15.6574085Z 159  '1537892791',
2024-10-01T19:46:15.6574239Z 160  '1537853259',
2024-10-01T19:46:15.6574376Z 161  '1537737187',
2024-10-01T19:46:15.6574534Z 162  '1537780846',
2024-10-01T19:46:15.6574688Z 163  '1537853959',
2024-10-01T19:46:15.6574996Z 164  '1537871605',
2024-10-01T19:46:15.6575193Z 165  '1537674427',
2024-10-01T19:46:15.6575351Z 166  '1537674407',
2024-10-01T19:46:15.6575505Z 167  '1537630760',
2024-10-01T19:46:15.6575650Z 168  '1537630790',
2024-10-01T19:46:15.6575808Z 169  '1537613509',
2024-10-01T19:46:15.6575967Z 170  '1537613540',
2024-10-01T19:46:15.6576116Z 171  '1535277457',
2024-10-01T19:46:15.6576258Z 172  '1535043576',
2024-10-01T19:46:15.6576407Z 173  '1534021404',
2024-10-01T19:46:15.6576617Z 174  '1535308964',
2024-10-01T19:46:15.6576809Z 175  '1535247595',
2024-10-01T19:46:15.6576955Z 176  '1535021222',
2024-10-01T19:46:15.6577147Z 177  '1535442804',
2024-10-01T19:46:15.6577352Z 178  '1535467976',
2024-10-01T19:46:15.6577532Z 179  '1535855763',
2024-10-01T19:46:15.6577673Z 180  '1533835923',
2024-10-01T19:46:15.6578088Z 181  '1534972136',
2024-10-01T19:46:15.6578242Z 182  '1535278904',
2024-10-01T19:46:15.6578430Z 183  '1535879834',
2024-10-01T19:46:15.6578623Z 184  '1535566822',
2024-10-01T19:46:15.6578807Z 185  '1536122584',
2024-10-01T19:46:15.6579046Z 186  '1536758811',
2024-10-01T19:46:15.6579230Z 187  '1536122592',
2024-10-01T19:46:15.6579405Z 188  '1537315761',
2024-10-01T19:46:15.6579649Z 189  '1537053134',
2024-10-01T19:46:15.6579794Z 190  '1537143954',
2024-10-01T19:46:15.6579983Z 191  '1537126583',
2024-10-01T19:46:15.6580171Z 192  '1536948264',
2024-10-01T19:46:15.6580359Z 193  '1536956356',
2024-10-01T19:46:15.6580500Z 194  '1537593062',
2024-10-01T19:46:15.6580688Z 195  '1536989204',
2024-10-01T19:46:15.6580881Z 196  '1537046181',
2024-10-01T19:46:15.6581018Z 197  '1536950204',
2024-10-01T19:46:15.6581206Z 198  '1536908797',
2024-10-01T19:46:15.6581407Z 199  '1536873144',
2024-10-01T19:46:15.6581655Z 200  '1536859397') and tran_PROCESS_STATUS is null ;
2024-10-01T19:46:15.6581886Z 201  I := I + SQL%ROWCOUNT;
2024-10-01T19:46:15.6582279Z 202  
2024-10-01T19:46:15.6582634Z 203  update custom.c_fhst set PROCESS_STATUS='E' ,FINACLE_PROCESS_STATUS='C' ,PROCESS_REMARK ='INFRA_270924| Failed due to Double lien' where system_id='TBMS' and BATCH_TRAN_ID in (
2024-10-01T19:46:15.6582904Z 204  '1537767678',
2024-10-01T19:46:15.6583113Z 205  '1537892824',
2024-10-01T19:46:15.6583301Z 206  '1537884082',
2024-10-01T19:46:15.6583485Z 207  '1537767616',
2024-10-01T19:46:15.6583627Z 208  '1537698697',
2024-10-01T19:46:15.6583845Z 209  '1537780815',
2024-10-01T19:46:15.6584037Z 210  '1537884053',
2024-10-01T19:46:15.6584247Z 211  '1537871574',
2024-10-01T19:46:15.6584461Z 212  '1537867085',
2024-10-01T19:46:15.6584738Z 213  '1537737082',
2024-10-01T19:46:15.6584995Z 214  '1537853986',
2024-10-01T19:46:15.6585175Z 215  '1537867129',
2024-10-01T19:46:15.6585551Z 216  '1537698726',
2024-10-01T19:46:15.6585744Z 217  '1537853229',
2024-10-01T19:46:15.6585970Z 218  '1537892791',
2024-10-01T19:46:15.6586111Z 219  '1537853259',
2024-10-01T19:46:15.6586300Z 220  '1537737187',
2024-10-01T19:46:15.6586496Z 221  '1537780846',
2024-10-01T19:46:15.6586680Z 222  '1537853959',
2024-10-01T19:46:15.6586817Z 223  '1537871605',
2024-10-01T19:46:15.6587005Z 224  '1537674427',
2024-10-01T19:46:15.6587193Z 225  '1537674407',
2024-10-01T19:46:15.6587330Z 226  '1537630760',
2024-10-01T19:46:15.6587514Z 227  '1537630790',
2024-10-01T19:46:15.6587698Z 228  '1537613509',
2024-10-01T19:46:15.6587903Z 229  '1537613540',
2024-10-01T19:46:15.6588045Z 230  '1535277457',
2024-10-01T19:46:15.6588228Z 231  '1535043576',
2024-10-01T19:46:15.6588417Z 232  '1534021404',
2024-10-01T19:46:15.6588553Z 233  '1535308964',
2024-10-01T19:46:15.6588742Z 234  '1535247595',
2024-10-01T19:46:15.6588926Z 235  '1535021222',
2024-10-01T19:46:15.6589118Z 236  '1535442804',
2024-10-01T19:46:15.6589353Z 237  '1535467976',
2024-10-01T19:46:15.6589563Z 238  '1535855763',
2024-10-01T19:46:15.6589871Z 239  '1533835923',
2024-10-01T19:46:15.6590136Z 240  '1534972136',
2024-10-01T19:46:15.6590277Z 241  '1535278904',
2024-10-01T19:46:15.6590474Z 242  '1535879834',
2024-10-01T19:46:15.6590666Z 243  '1535566822',
2024-10-01T19:46:15.6590803Z 244  '1536122584',
2024-10-01T19:46:15.6590996Z 245  '1536758811',
2024-10-01T19:46:15.6591179Z 246  '1536122592',
2024-10-01T19:46:15.6591368Z 247  '1537315761',
2024-10-01T19:46:15.6591504Z 248  '1537053134',
2024-10-01T19:46:15.6591697Z 249  '1537143954',
2024-10-01T19:46:15.6591898Z 250  '1537126583',
2024-10-01T19:46:15.6592082Z 251  '1536948264',
2024-10-01T19:46:15.6592223Z 252  '1536956356',
2024-10-01T19:46:15.6592407Z 253  '1537593062',
2024-10-01T19:46:15.6592591Z 254  '1536989204',
2024-10-01T19:46:15.6592732Z 255  '1537046181',
2024-10-01T19:46:15.6592920Z 256  '1536950204',
2024-10-01T19:46:15.6593113Z 257  '1536908797',
2024-10-01T19:46:15.6593309Z 258  '1536873144',
2024-10-01T19:46:15.6593497Z 259  '1536859397') and PROCESS_STATUS='N' and FINACLE_PROCESS_STATUS='N';
2024-10-01T19:46:15.6593767Z 260  I := I + SQL%ROWCOUNT;
2024-10-01T19:46:15.6593955Z 261  
2024-10-01T19:46:15.6594122Z 262  
2024-10-01T19:46:15.6594302Z 263  DBMS_OUTPUT.PUT_LINE('Actual No Of Records Affected  = '  || TO_CHAR(I));
2024-10-01T19:46:15.6594571Z 264  V_ACTUAL_RECORDS_TO_FIX_COUNT := I;
2024-10-01T19:46:15.6594772Z 265  
2024-10-01T19:46:15.6595007Z 266  IF((V_EXPECTED_RECORDS_TO_FIX_COUNT = V_SELECT_COUNT) AND (V_EXPECTED_RECORDS_TO_FIX_COUNT  = V_ACTUAL_RECORDS_TO_FIX_COUNT )) THEN
2024-10-01T19:46:15.6595354Z 267  		     DBMS_OUTPUT.PUT_LINE('NO OF RECORDS COMMITTED = '	|| V_ACTUAL_RECORDS_TO_FIX_COUNT );
2024-10-01T19:46:15.6595597Z 268  		     COMMIT;
2024-10-01T19:46:15.6595764Z 269  
2024-10-01T19:46:15.6595888Z 270  				     BEGIN
2024-10-01T19:46:15.6596248Z 271  		     EXECUTE IMMEDIATE 'CREATE TABLE TBMS_DL_INFRA_270924_POST1 AS (SELECT C.*,  ROWID ROW_ID FROM custom.c_fdst C WHERE ROWID IN (SELECT ROW_ID FROM TBMS_DL_INFRA_270924_PRE1))';
2024-10-01T19:46:15.6596560Z 272  
2024-10-01T19:46:15.6596876Z 273  				     EXECUTE IMMEDIATE 'CREATE TABLE TBMS_DL_INFRA_270924_POST2 AS (SELECT C.*,  ROWID ROW_ID FROM custom.c_fhst C WHERE ROWID IN (SELECT ROW_ID FROM TBMS_DL_INFRA_270924_PRE2))';
2024-10-01T19:46:15.6597167Z 274  
2024-10-01T19:46:15.6597351Z 275  				     EXECUTE IMMEDIATE 'GRANT SELECT ON TBMS_DL_INFRA_270924_POST1 TO SUPPORT' ;
2024-10-01T19:46:15.6597646Z 276  				     EXECUTE IMMEDIATE 'GRANT SELECT ON TBMS_DL_INFRA_270924_POST2 TO SUPPORT' ;
2024-10-01T19:46:15.6597873Z 277  
2024-10-01T19:46:15.6598104Z 278  				     EXECUTE IMMEDIATE 'SELECT COUNT(1) FROM TBMS_DL_INFRA_270924_POST1' INTO W;
2024-10-01T19:46:15.6598343Z 279  				     EXECUTE IMMEDIATE 'SELECT COUNT(1) FROM TBMS_DL_INFRA_270924_POST2' INTO X;
2024-10-01T19:46:15.6598604Z 280  				     U:=W+X;
2024-10-01T19:46:15.6598792Z 281  
2024-10-01T19:46:15.6599211Z 282  				     DBMS_OUTPUT.PUT_LINE('No Of Records That Available in SELECT STATEMENT POST COMMIT = '  || TO_CHAR(U));
2024-10-01T19:46:15.6599455Z 283  				     V_SELECT_COUNT_POST_COMMIT := U;
2024-10-01T19:46:15.6599678Z 284  
2024-10-01T19:46:15.6599849Z 285  		     END;
2024-10-01T19:46:15.6600020Z 286  
2024-10-01T19:46:15.6600144Z 287  ELSE
2024-10-01T19:46:15.6600367Z 288  		     DBMS_OUTPUT.PUT_LINE('NO OF RECORDS ROLLBACK = '  || TO_CHAR(I));
2024-10-01T19:46:15.6600585Z 289  		     ROLLBACK;
2024-10-01T19:46:15.6770573Z 290  END IF;
2024-10-01T19:46:15.6770902Z 291  
2024-10-01T19:46:15.6771150Z 292  END;
2024-10-01T19:46:15.6771432Z 293  /
2024-10-01T19:46:15.7080529Z 
2024-10-01T19:46:15.7080914Z Procedure created.
2024-10-01T19:46:15.7080982Z 
2024-10-01T19:46:15.7081260Z SQL> 
2024-10-01T19:46:15.7081744Z SQL> EXEC TBMS_DL_INFRA_270924();
2024-10-01T19:46:16.3351413Z No Of Records That Should Be Affected = 168
2024-10-01T19:46:16.3351730Z No Of Records That Available in SELECT STATEMENT = 168
2024-10-01T19:46:16.3352243Z Actual No Of Records Affected  = 168
2024-10-01T19:46:16.3352406Z NO OF RECORDS COMMITTED = 168
2024-10-01T19:46:16.3352611Z No Of Records That Available in SELECT STATEMENT POST COMMIT = 168
2024-10-01T19:46:16.3352709Z 
2024-10-01T19:46:16.3352876Z PL/SQL procedure successfully completed.
2024-10-01T19:46:16.3352957Z 
2024-10-01T19:46:16.3353086Z SQL> 
2024-10-01T19:46:16.3353325Z SQL> /
2024-10-01T19:46:16.3452296Z 
2024-10-01T19:46:16.3452805Z Procedure created.
2024-10-01T19:46:16.3452873Z 
2024-10-01T19:46:16.3453057Z SQL> GRANT SELECT ON TBMS_DL_INFRA_270924_PRE1	TO SUPPORT;
2024-10-01T19:46:16.3545014Z 
2024-10-01T19:46:16.3545399Z Grant succeeded.
2024-10-01T19:46:16.3545467Z 
2024-10-01T19:46:16.3548324Z SQL> set serveroutput off
